<?xml version="1.0" encoding="UTF-8"?>
<testsuite xmlns:xsi="http://www.w3.org/2001/XMLSchema-instance" xsi:noNamespaceSchemaLocation="https://maven.apache.org/surefire/maven-surefire-plugin/xsd/surefire-test-report-3.0.xsd" version="3.0" name="TestSuite" time="48.237" tests="1" errors="0" skipped="0" failures="0">
  <properties>
[...]
</properties>
  <testcase name="runScenario[&quot;Prepare and execute partner user tests&quot;, &quot;Replace parameters in test cases and execute&quot;](1)" classname="runners.TestAiRunner" time="47.99">
    <system-out><![CDATA[getIP : https://awdevtenant2.dev-int-aws-us.webmethods.io
gethost : awdevtenant2.dev-int-aws-us.webmethods.io
getIDM : idm-aw-us.test.platform.ipaas.ibm.com
getTenantName : awdevtenant2
getPPUsername : filtaturzi@gufum.com
getPPPassword : Eg63ii5NG4#LsbLS1
getB2BUsername : b2bqa
getB2BPwd : AWSDevWelcome@1234
Executing before all scenarios
 -------------------------  Started 1st call ---------------------------
Status = 307
Target = https://awdevtenant2.dev-int-aws-us.webmethods.io/b2b/oauth2/authorization/awdevtenant2
B2BCookies = route=1759118879.799.33.191404|c0e63767b447af5595857cdaa5d12780;b2bsessionid=964E456B9CC46C41ED392881698F8A51
 -------------------------  Started 2nd call ---------------------------
Status = 302
Target = https://idm-aw-us.test.platform.ipaas.ibm.com/auth/realms/awdevtenant2/protocol/openid-connect/auth?response_type=code&client_id=b2b&scope=openid%20roles%20email%20profile&state=pSf3dZf4BEZlIELrDq2eB5YzGZA-6gbykHaiioKBQaA%3D&redirect_uri=https://awdevtenant2.dev-int-aws-us.webmethods.io/b2b/auth/sso/callback&nonce=Koj1oHWtlwFnBRPlh_EuPf5kn2I73MKprmdk3ojlIvY&code_challenge=PXGtVq0I6JrrbJuCA2jCqBcX9E-VRID2tqeWc2Ro_dw&code_challenge_method=S256
IDM: idm-aw-us.test.platform.ipaas.ibm.com
Tenant: awdevtenant2
 -------------------------  Started 3rd call ---------------------------
Status = 200
targetCookie = AUTH_SESSION_ID_LEGACY=2744aded-5ca6-4f31-a1de-a89c8dd0f344.kc-13-prospectfarm2-aw-us-1-43501;KC_RESTART=eyJhbGciOiJIUzI1NiIsInR5cCIgOiAiSldUIiwia2lkIiA6ICJiNjhkMTY1NC1mNDk4LTRiNjktYmM5My04OWFhOTUzNmVlNDIifQ.eyJjaWQiOiJiMmIiLCJwdHkiOiJvcGVuaWQtY29ubmVjdCIsInJ1cmkiOiJodHRwczovL2F3ZGV2dGVuYW50Mi5kZXYtaW50LWF3cy11cy53ZWJtZXRob2RzLmlvL2IyYi9hdXRoL3Nzby9jYWxsYmFjayIsImFjdCI6IkFVVEhFTlRJQ0FURSIsIm5vdGVzIjp7InNjb3BlIjoib3BlbmlkIHJvbGVzIGVtYWlsIHByb2ZpbGUiLCJpc3MiOiJodHRwczovL2lkbS1hdy11cy50ZXN0LnBsYXRmb3JtLmlwYWFzLmlibS5jb20vYXV0aC9yZWFsbXMvYXdkZXZ0ZW5hbnQyIiwicmVzcG9uc2VfdHlwZSI6ImNvZGUiLCJjb2RlX2NoYWxsZW5nZV9tZXRob2QiOiJTMjU2IiwicmVkaXJlY3RfdXJpIjoiaHR0cHM6Ly9hd2RldnRlbmFudDIuZGV2LWludC1hd3MtdXMud2VibWV0aG9kcy5pby9iMmIvYXV0aC9zc28vY2FsbGJhY2siLCJzdGF0ZSI6InBTZjNkWmY0QkVabElFTHJEcTJlQjVZekdaQS02Z2J5a0hhaWlvS0JRYUE9Iiwibm9uY2UiOiJLb2oxb0hXdGx3Rm5CUlBsaF9FdVBmNWtuMkk3M01LcHJtZGszb2psSXZZIiwiY29kZV9jaGFsbGVuZ2UiOiJQWEd0VnEwSTZKcnJiSnVDQTJqQ3FCY1g5RS1WUklEMnRxZVdjMlJvX2R3In19.7LqnwgdC67VeJbiqP4WV8SWU-bedx0mTYYctLYrS7_M
Target = https://idm-aw-us.test.platform.ipaas.ibm.com/auth/realms/awdevtenant2/login-actions/authenticate?session_code=mTIt78Umq-AUG6N3HMmsHpFChlN71iRvY65AlQy8oyQ&execution=9714737a-556e-4113-98b1-f33cc44c597a&client_id=b2b&tab_id=BwEU52Ttgc0
 -------------------------  Started 4th call ---------------------------
B2B Username : b2bqa
B2B Password : AWSDevWelcome@1234
response : {:status=[302], cache-control=[no-store, must-revalidate, max-age=0], cf-cache-status=[DYNAMIC], cf-ray=[98689df03e9f6bfa-SIN], content-length=[0], content-security-policy=[frame-src 'self'; frame-ancestors 'self' awdevtenant2.dev-int-aws-us.webmethods.io {tenantName}.int-aws-us.webmethods.io; object-src 'none';], date=[Mon, 29 Sep 2025 04:08:01 GMT], location=[https://awdevtenant2.dev-int-aws-us.webmethods.io/b2b/auth/sso/callback?state=pSf3dZf4BEZlIELrDq2eB5YzGZA-6gbykHaiioKBQaA%3D&session_state=2744aded-5ca6-4f31-a1de-a89c8dd0f344&code=205a9546-f8d3-41d7-a546-cec64a38e9b8.2744aded-5ca6-4f31-a1de-a89c8dd0f344.fad1ec2f-cbba-47f8-99d6-de79a121b3ea], server=[cloudflare], set-cookie=[KEYCLOAK_LOCALE=; Version=1; Comment=Expiring cookie; Expires=Thu, 01-Jan-1970 00:00:10 GMT; Max-Age=0; Path=/auth/realms/awdevtenant2/; Secure; HttpOnly, KC_RESTART=; Version=1; Expires=Thu, 01-Jan-1970 00:00:10 GMT; Max-Age=0; Path=/auth/realms/awdevtenant2/; Secure; HttpOnly, KC_AUTH_STATE=; Version=1; Expires=Thu, 01-Jan-1970 00:00:10 GMT; Max-Age=0; Path=/auth/realms/awdevtenant2/; Secure, KEYCLOAK_IDENTITY=eyJhbGciOiJIUzI1NiIsInR5cCIgOiAiSldUIiwia2lkIiA6ICJiNjhkMTY1NC1mNDk4LTRiNjktYmM5My04OWFhOTUzNmVlNDIifQ.eyJleHAiOjE3NTkyOTE2ODEsImlhdCI6MTc1OTExODg4MSwianRpIjoiZGU3OGM0NTctMjcxNy00ZDZhLTkxYzItY2E5OTE2MDlkNmQyIiwiaXNzIjoiaHR0cHM6Ly9pZG0tYXctdXMudGVzdC5wbGF0Zm9ybS5pcGFhcy5pYm0uY29tL2F1dGgvcmVhbG1zL2F3ZGV2dGVuYW50MiIsInN1YiI6IjEzZWUyYTgxLTkxZDYtNDk2Yy04OTVhLTkwYzE0NjU3NzEyNiIsInR5cCI6IlNlcmlhbGl6ZWQtSUQiLCJzZXNzaW9uX3N0YXRlIjoiMjc0NGFkZWQtNWNhNi00ZjMxLWExZGUtYTg5YzhkZDBmMzQ0Iiwic2lkIjoiMjc0NGFkZWQtNWNhNi00ZjMxLWExZGUtYTg5YzhkZDBmMzQ0Iiwic3RhdGVfY2hlY2tlciI6ImhJdTY5RHk2aXpXcktsM1U5Rk1hX0Y1MXpWYU1BZHQ4U2dLcFRvZDJsb2cifQ.mvOaLRytDDt6-oRh7nvCz-okYAU2bRu1Z0LryNmSL1o; Version=1; Path=/auth/realms/awdevtenant2/; SameSite=None; Secure; HttpOnly, KEYCLOAK_IDENTITY_LEGACY=eyJhbGciOiJIUzI1NiIsInR5cCIgOiAiSldUIiwia2lkIiA6ICJiNjhkMTY1NC1mNDk4LTRiNjktYmM5My04OWFhOTUzNmVlNDIifQ.eyJleHAiOjE3NTkyOTE2ODEsImlhdCI6MTc1OTExODg4MSwianRpIjoiZGU3OGM0NTctMjcxNy00ZDZhLTkxYzItY2E5OTE2MDlkNmQyIiwiaXNzIjoiaHR0cHM6Ly9pZG0tYXctdXMudGVzdC5wbGF0Zm9ybS5pcGFhcy5pYm0uY29tL2F1dGgvcmVhbG1zL2F3ZGV2dGVuYW50MiIsInN1YiI6IjEzZWUyYTgxLTkxZDYtNDk2Yy04OTVhLTkwYzE0NjU3NzEyNiIsInR5cCI6IlNlcmlhbGl6ZWQtSUQiLCJzZXNzaW9uX3N0YXRlIjoiMjc0NGFkZWQtNWNhNi00ZjMxLWExZGUtYTg5YzhkZDBmMzQ0Iiwic2lkIjoiMjc0NGFkZWQtNWNhNi00ZjMxLWExZGUtYTg5YzhkZDBmMzQ0Iiwic3RhdGVfY2hlY2tlciI6ImhJdTY5RHk2aXpXcktsM1U5Rk1hX0Y1MXpWYU1BZHQ4U2dLcFRvZDJsb2cifQ.mvOaLRytDDt6-oRh7nvCz-okYAU2bRu1Z0LryNmSL1o; Version=1; Path=/auth/realms/awdevtenant2/; Secure; HttpOnly, KEYCLOAK_SESSION=awdevtenant2/13ee2a81-91d6-496c-895a-90c146577126/2744aded-5ca6-4f31-a1de-a89c8dd0f344; Version=1; Expires=Wed, 01-Oct-2025 04:08:01 GMT; Max-Age=172800; Path=/auth/realms/awdevtenant2/; SameSite=None; Secure, KEYCLOAK_SESSION_LEGACY=awdevtenant2/13ee2a81-91d6-496c-895a-90c146577126/2744aded-5ca6-4f31-a1de-a89c8dd0f344; Version=1; Expires=Wed, 01-Oct-2025 04:08:01 GMT; Max-Age=172800; Path=/auth/realms/awdevtenant2/; Secure, KEYCLOAK_REMEMBER_ME=; Version=1; Comment=Expiring cookie; Expires=Thu, 01-Jan-1970 00:00:10 GMT; Max-Age=0; Path=/auth/realms/awdevtenant2/; Secure; HttpOnly], strict-transport-security=[max-age=31536000; includeSubDomains; preload], x-content-type-options=[nosniff], x-frame-options=[SAMEORIGIN], x-robots-tag=[none], x-xss-protection=[1; mode=block]}
Status = 302
Target = https://awdevtenant2.dev-int-aws-us.webmethods.io/b2b/auth/sso/callback?state=pSf3dZf4BEZlIELrDq2eB5YzGZA-6gbykHaiioKBQaA%3D&session_state=2744aded-5ca6-4f31-a1de-a89c8dd0f344&code=205a9546-f8d3-41d7-a546-cec64a38e9b8.2744aded-5ca6-4f31-a1de-a89c8dd0f344.fad1ec2f-cbba-47f8-99d6-de79a121b3ea
 -------------------------  Started 5th call ---------------------------
Status = 302
Target = https://awdevtenant2.dev-int-aws-us.webmethods.io/b2b
 -------------------------  Started 6th call ---------------------------
Status = 301
Target = https://awdevtenant2.dev-int-aws-us.webmethods.io/b2b/
b2b_cookie : route=1759118879.799.33.191404|c0e63767b447af5595857cdaa5d12780;b2bsessionid=14A99E3FB45FA725AD50A1B37291A942
 -------------------------  Started 7th call ---------------------------
 -------------------------  Started CSRF call ---------------------------
B2B TOKEN RESPONSE: {"csrfToken":"fd7b4dda-3970-4810-bc9c-63525133d8dd","status":"true"}
b2b_cookie : route=1759118879.799.33.191404|c0e63767b447af5595857cdaa5d12780;b2bsessionid=14A99E3FB45FA725AD50A1B37291A942
csrfTokens : fd7b4dda-3970-4810-bc9c-63525133d8dd
Paramter is :: [full, name, another]
Request method:	GET
Request URI:	https://awdevtenant2.dev-int-aws-us.webmethods.io/b2b/partner-users
Proxy:			<none>
Request params:	<none>
Query params:	<none>
Form params:	<none>
Path params:	<none>
Headers:		Accept=application/json
				X-CSRF-TOKEN=fd7b4dda-3970-4810-bc9c-63525133d8dd
				Cookie=route=1759118879.799.33.191404|c0e63767b447af5595857cdaa5d12780;b2bsessionid=14A99E3FB45FA725AD50A1B37291A942
				Content-Type=application/json
Cookies:		<none>
Multiparts:		<none>
Body:			<none>
Paramter is :: [user, name, valid, value]
Request method:	GET
Request URI:	https://awdevtenant2.dev-int-aws-us.webmethods.io/b2b/partner-users
Proxy:			<none>
Request params:	<none>
Query params:	<none>
Form params:	<none>
Path params:	<none>
Headers:		Accept=application/json
				X-CSRF-TOKEN=fd7b4dda-3970-4810-bc9c-63525133d8dd
				Cookie=route=1759118879.799.33.191404|c0e63767b447af5595857cdaa5d12780;b2bsessionid=14A99E3FB45FA725AD50A1B37291A942
				Content-Type=application/json
Cookies:		<none>
Multiparts:		<none>
Body:			<none>
Paramter is :: [user, name, valid, value]
Request method:	GET
Request URI:	https://awdevtenant2.dev-int-aws-us.webmethods.io/b2b/partner-users
Proxy:			<none>
Request params:	<none>
Query params:	<none>
Form params:	<none>
Path params:	<none>
Headers:		Accept=application/json
				X-CSRF-TOKEN=fd7b4dda-3970-4810-bc9c-63525133d8dd
				Cookie=route=1759118879.799.33.191404|c0e63767b447af5595857cdaa5d12780;b2bsessionid=14A99E3FB45FA725AD50A1B37291A942
				Content-Type=application/json
Cookies:		<none>
Multiparts:		<none>
Body:			<none>
Paramter is :: [full, name, with, spaces]
Paramter is :: [user, name, with, spaces]
Paramter is :: [password, valid, value]
---- Prepare Row 4: Create_LeadingTrailing_Spaces ----
 HTTP Method  : POST
 Endpoint     : https://awdevtenant2.dev-int-aws-us.webmethods.io/b2b/partner-users
 Payload      : {"full_name":"B 2B_TCG_8af69f","user_name":"B 2B_TCG_911156","password":"Password@123"}
 Expected     : 200
---- Prepare Row 5: Create_LongStrings_254 ----
 HTTP Method  : POST
 Endpoint     : https://awdevtenant2.dev-int-aws-us.webmethods.io/b2b/partner-users
 Payload      : {"full_name":"B2B_API_Auto_AAAAAAAAAAAAAAAAAAAAAAAAAAAAAAAAAAAAAAAAAAAAAAAAAAAAAAAAAAAAAAAAAAAAAAAAAAAAAAAAAAAAAAAAAAAAAAAAAAAAAAAAAAAAAAAAAAAAAAAAAAAAAAAAAAAAAAAAAAAAAAAAAAAAAAAAAAAAAAAAAAAAAAAAAAAAAAAAAAAAAAAAAAAAAAAAAAAAAAAAAAAAAAAAAAAAAAAAAAAAAAAAAAAAAAAAAAAAAAAAA","user_name":"B2B_API_Auto_AAAAAAAAAAAAAAAAAAAAAAAAAAAAAAAAAAAAAAAAAAAAAAAAAAAAAAAAAAAAAAAAAAAAAAAAAAAAAAAAAAAAAAAAAAAAAAAAAAAAAAAAAAAAAAAAAAAAAAAAAAAAAAAAAAAAAAAAAAAAAAAAAAAAAAAAAAAAAAAAAAAAAAAAAAAAAAAAAAAAAAAAAAAAAAAAAAAAAAAAAAAAAAAAAAAAAAAAAAAAAAAAAAAAAAAAAAAAAAAAA","password":"B2B_API_Auto_AAAAAAAAAAAAAAAAAAAAAAAAAAAAAAAAAAAAAAAAAAAAAAAAAAAAAAAAAAAAAAAAAAAAAAAAAAAAAAAAAAAAAAAAAAAAAAAAAAAAAAAAAAAAAAAAAAAAAAAAAAAAAAAAAAAAAAAAAAAAAAAAAAAAAAAAAAAAAAAAAAAAAAAAAAAAAAAAAAAAAAAAAAAAAAAAAAAAAAAAAAAAAAAAAAAAAAAAAAAAAAAAAAAAAAAAAAAAAAAAA"}
 Expected     : 200
---- Prepare Row 6: Create_LongStrings_255 ----
 HTTP Method  : POST
 Endpoint     : https://awdevtenant2.dev-int-aws-us.webmethods.io/b2b/partner-users
 Payload      : {"full_name":"B2B_API_Auto_AAAAAAAAAAAAAAAAAAAAAAAAAAAAAAAAAAAAAAAAAAAAAAAAAAAAAAAAAAAAAAAAAAAAAAAAAAAAAAAAAAAAAAAAAAAAAAAAAAAAAAAAAAAAAAAAAAAAAAAAAAAAAAAAAAAAAAAAAAAAAAAAAAAAAAAAAAAAAAAAAAAAAAAAAAAAAAAAAAAAAAAAAAAAAAAAAAAAAAAAAAAAAAAAAAAAAAAAAAAAAAAAAAAAAAAAAAAAAAAAAA","user_name":"B2B_API_Auto_AAAAAAAAAAAAAAAAAAAAAAAAAAAAAAAAAAAAAAAAAAAAAAAAAAAAAAAAAAAAAAAAAAAAAAAAAAAAAAAAAAAAAAAAAAAAAAAAAAAAAAAAAAAAAAAAAAAAAAAAAAAAAAAAAAAAAAAAAAAAAAAAAAAAAAAAAAAAAAAAAAAAAAAAAAAAAAAAAAAAAAAAAAAAAAAAAAAAAAAAAAAAAAAAAAAAAAAAAAAAAAAAAAAAAAAAAAAAAAAAAA","password":"B2B_API_Auto_AAAAAAAAAAAAAAAAAAAAAAAAAAAAAAAAAAAAAAAAAAAAAAAAAAAAAAAAAAAAAAAAAAAAAAAAAAAAAAAAAAAAAAAAAAAAAAAAAAAAAAAAAAAAAAAAAAAAAAAAAAAAAAAAAAAAAAAAAAAAAAAAAAAAAAAAAAAAAAAAAAAAAAAAAAAAAAAAAAAAAAAAAAAAAAAAAAAAAAAAAAAAAAAAAAAAAAAAAAAAAAAAAAAAAAAAAAAAAAAAAA"}
 Expected     : 200
---- Prepare Row 7: Create_LongStrings_256 ----
 HTTP Method  : POST
 Endpoint     : https://awdevtenant2.dev-int-aws-us.webmethods.io/b2b/partner-users
 Payload      : {"full_name":"B2B_API_Auto_AAAAAAAAAAAAAAAAAAAAAAAAAAAAAAAAAAAAAAAAAAAAAAAAAAAAAAAAAAAAAAAAAAAAAAAAAAAAAAAAAAAAAAAAAAAAAAAAAAAAAAAAAAAAAAAAAAAAAAAAAAAAAAAAAAAAAAAAAAAAAAAAAAAAAAAAAAAAAAAAAAAAAAAAAAAAAAAAAAAAAAAAAAAAAAAAAAAAAAAAAAAAAAAAAAAAAAAAAAAAAAAAAAAAAAAAAAAAAAAAAAA","user_name":"B2B_API_Auto_AAAAAAAAAAAAAAAAAAAAAAAAAAAAAAAAAAAAAAAAAAAAAAAAAAAAAAAAAAAAAAAAAAAAAAAAAAAAAAAAAAAAAAAAAAAAAAAAAAAAAAAAAAAAAAAAAAAAAAAAAAAAAAAAAAAAAAAAAAAAAAAAAAAAAAAAAAAAAAAAAAAAAAAAAAAAAAAAAAAAAAAAAAAAAAAAAAAAAAAAAAAAAAAAAAAAAAAAAAAAAAAAAAAAAAAAAAAAAAAAAAA","password":"B2B_API_Auto_AAAAAAAAAAAAAAAAAAAAAAAAAAAAAAAAAAAAAAAAAAAAAAAAAAAAAAAAAAAAAAAAAAAAAAAAAAAAAAAAAAAAAAAAAAAAAAAAAAAAAAAAAAAAAAAAAAAAAAAAAAAAAAAAAAAAAAAAAAAAAAAAAAAAAAAAAAAAAAAAAAAAAAAAAAAAAAAAAAAAAAAAAAAAAAAAAAAAAAAAAAAAAAAAAAAAAAAAAAAAAAAAAAAAAAAAAAAAAAAAAAA"}
 Expected     : 400
Paramter is :: [full, name, valid, value]
Request method:	GET
Request URI:	https://awdevtenant2.dev-int-aws-us.webmethods.io/b2b/partner-users
Proxy:			<none>
Request params:	<none>
Query params:	<none>
Form params:	<none>
Path params:	<none>
Headers:		Accept=application/json
				X-CSRF-TOKEN=fd7b4dda-3970-4810-bc9c-63525133d8dd
				Cookie=route=1759118879.799.33.191404|c0e63767b447af5595857cdaa5d12780;b2bsessionid=14A99E3FB45FA725AD50A1B37291A942
				Content-Type=application/json
Cookies:		<none>
Multiparts:		<none>
Body:			<none>
Paramter is :: [full, name, valid, value]
Request method:	GET
Request URI:	https://awdevtenant2.dev-int-aws-us.webmethods.io/b2b/partner-users
Proxy:			<none>
Request params:	<none>
Query params:	<none>
Form params:	<none>
Path params:	<none>
Headers:		Accept=application/json
				X-CSRF-TOKEN=fd7b4dda-3970-4810-bc9c-63525133d8dd
				Cookie=route=1759118879.799.33.191404|c0e63767b447af5595857cdaa5d12780;b2bsessionid=14A99E3FB45FA725AD50A1B37291A942
				Content-Type=application/json
Cookies:		<none>
Multiparts:		<none>
Body:			<none>
---- Prepare Row 10: Create_SpecialChars ----
 HTTP Method  : POST
 Endpoint     : https://awdevtenant2.dev-int-aws-us.webmethods.io/b2b/partner-users
 Payload      : {"full_name":"@#$%^??","user_name":"@#$%^??","password":"@#$%^??"}
 Expected     : 200
Paramter is :: [full, name, valid, value]
Request method:	GET
Request URI:	https://awdevtenant2.dev-int-aws-us.webmethods.io/b2b/partner-users
Proxy:			<none>
Request params:	<none>
Query params:	<none>
Form params:	<none>
Path params:	<none>
Headers:		Accept=application/json
				X-CSRF-TOKEN=fd7b4dda-3970-4810-bc9c-63525133d8dd
				Cookie=route=1759118879.799.33.191404|c0e63767b447af5595857cdaa5d12780;b2bsessionid=14A99E3FB45FA725AD50A1B37291A942
				Content-Type=application/json
Cookies:		<none>
Multiparts:		<none>
Body:			<none>
Paramter is :: [full, name, valid, value]
Request method:	GET
Request URI:	https://awdevtenant2.dev-int-aws-us.webmethods.io/b2b/partner-users
Proxy:			<none>
Request params:	<none>
Query params:	<none>
Form params:	<none>
Path params:	<none>
Headers:		Accept=application/json
				X-CSRF-TOKEN=fd7b4dda-3970-4810-bc9c-63525133d8dd
				Cookie=route=1759118879.799.33.191404|c0e63767b447af5595857cdaa5d12780;b2bsessionid=14A99E3FB45FA725AD50A1B37291A942
				Content-Type=application/json
Cookies:		<none>
Multiparts:		<none>
Body:			<none>
Paramter is :: [full, name, valid, value]
Request method:	GET
Request URI:	https://awdevtenant2.dev-int-aws-us.webmethods.io/b2b/partner-users
Proxy:			<none>
Request params:	<none>
Query params:	<none>
Form params:	<none>
Path params:	<none>
Headers:		Accept=application/json
				X-CSRF-TOKEN=fd7b4dda-3970-4810-bc9c-63525133d8dd
				Cookie=route=1759118879.799.33.191404|c0e63767b447af5595857cdaa5d12780;b2bsessionid=14A99E3FB45FA725AD50A1B37291A942
				Content-Type=application/json
Cookies:		<none>
Multiparts:		<none>
Body:			<none>
---- Prepare Row 14: Filter_Active_False ----
 HTTP Method  : GET
 Endpoint     : https://awdevtenant2.dev-int-aws-us.webmethods.io/b2b/partner-users?active=false
 Payload      : 
 Expected     : 200
---- Prepare Row 15: Filter_Active_InvalidString ----
 HTTP Method  : GET
 Endpoint     : https://awdevtenant2.dev-int-aws-us.webmethods.io/b2b/partner-users?active=maybe
 Payload      : 
 Expected     : 400
---- Prepare Row 16: Filter_Active_True ----
 HTTP Method  : GET
 Endpoint     : https://awdevtenant2.dev-int-aws-us.webmethods.io/b2b/partner-users?active=true
 Payload      : 
 Expected     : 200
---- Prepare Row 17: Get_ById_Empty ----
 HTTP Method  : GET
 Endpoint     : https://awdevtenant2.dev-int-aws-us.webmethods.io/b2b/partner-users/ /updatePassword
 Payload      : 
 Expected     : 400
Paramter is :: [partner, user, id, not, found]
---- Prepare Row 18: Get_ById_NotFound ----
 HTTP Method  : GET
 Endpoint     : https://awdevtenant2.dev-int-aws-us.webmethods.io/b2b/partner-users/2134243234342324/updatePassword
 Payload      : 
 Expected     : 400
---- Prepare Row 19: Get_ById_Null ----
 HTTP Method  : GET
 Endpoint     : https://awdevtenant2.dev-int-aws-us.webmethods.io/b2b/partner-users/null/updatePassword
 Payload      : 
 Expected     : 400
---- Prepare Row 20: Get_ById_SpecialChars ----
 HTTP Method  : GET
 Endpoint     : https://awdevtenant2.dev-int-aws-us.webmethods.io/b2b/partner-users/@#$%^??/updatePassword
 Payload      : 
 Expected     : 400
Paramter is :: [partner, user, id, valid]
Request method:	GET
Request URI:	https://awdevtenant2.dev-int-aws-us.webmethods.io/b2b/partner-users
Proxy:			<none>
Request params:	<none>
Query params:	<none>
Form params:	<none>
Path params:	<none>
Headers:		Accept=application/json
				X-CSRF-TOKEN=fd7b4dda-3970-4810-bc9c-63525133d8dd
				Cookie=route=1759118879.799.33.191404|c0e63767b447af5595857cdaa5d12780;b2bsessionid=14A99E3FB45FA725AD50A1B37291A942
				Content-Type=application/json
Cookies:		<none>
Multiparts:		<none>
Body:			<none>
---- Prepare Row 22: Get_ById_VeryLong ----
 HTTP Method  : GET
 Endpoint     : https://awdevtenant2.dev-int-aws-us.webmethods.io/b2b/partner-users/B2B_API_Auto_AAAAAAAAAAAAAAAAAAAAAAAAAAAAAAAAAAAAAAAAAAAAAAAAAAAAAAAAAAAAAAAAAAAAAAAAAAAAAAAAAAAAAAAAAAAAAAAAAAAAAAAAAAAAAAAAAAAAAAAAAAAAAAAAAAAAAAAAAAAAAAAAAAAAAAAAAAAAAAAAAAAAAAAAAAAAAAAAAAAAAAAAAAAAAAAAAAAAAAAAAAAAAAAAAAAAAAAAAAAAAAAAAAAAAAAAAAAAAAAAAAA/updatePassword
 Payload      : 
 Expected     : 400
---- Prepare Row 23: List_All_NoParams ----
 HTTP Method  : GET
 Endpoint     : https://awdevtenant2.dev-int-aws-us.webmethods.io/b2b/partner-users
 Payload      : 
 Expected     : 200
---- Prepare Row 24: Page_Negative_PageNumber ----
 HTTP Method  : GET
 Endpoint     : https://awdevtenant2.dev-int-aws-us.webmethods.io/b2b/partner-users?pageSize=10&pageNumber=-2
 Payload      : 
 Expected     : 400
---- Prepare Row 25: Page_Negative_PageSize ----
 HTTP Method  : GET
 Endpoint     : https://awdevtenant2.dev-int-aws-us.webmethods.io/b2b/partner-users?pageSize=-5&pageNumber=1
 Payload      : 
 Expected     : 400
---- Prepare Row 26: Page_String_PageSize ----
 HTTP Method  : GET
 Endpoint     : https://awdevtenant2.dev-int-aws-us.webmethods.io/b2b/partner-users?pageSize=abc&pageNumber=1
 Payload      : 
 Expected     : 400
---- Prepare Row 27: Page_Valid_FirstPage ----
 HTTP Method  : GET
 Endpoint     : https://awdevtenant2.dev-int-aws-us.webmethods.io/b2b/partner-users?pageSize=10&pageNumber=1
 Payload      : 
 Expected     : 200
---- Prepare Row 28: Page_VeryLarge_PageSize ----
 HTTP Method  : GET
 Endpoint     : https://awdevtenant2.dev-int-aws-us.webmethods.io/b2b/partner-users?pageSize=10000&pageNumber=1
 Payload      : 
 Expected     : 200
---- Prepare Row 29: Page_Zero_PageNumber ----
 HTTP Method  : GET
 Endpoint     : https://awdevtenant2.dev-int-aws-us.webmethods.io/b2b/partner-users?pageSize=10&pageNumber=0
 Payload      : 
 Expected     : 400
---- Prepare Row 30: Page_Zero_PageSize ----
 HTTP Method  : GET
 Endpoint     : https://awdevtenant2.dev-int-aws-us.webmethods.io/b2b/partner-users?pageSize=0&pageNumber=1
 Payload      : 
 Expected     : 400
---- Prepare Row 31: Query_Q_254Len ----
 HTTP Method  : GET
 Endpoint     : https://awdevtenant2.dev-int-aws-us.webmethods.io/b2b/partner-users?q=B2B_API_Auto_AAAAAAAAAAAAAAAAAAAAAAAAAAAAAAAAAAAAAAAAAAAAAAAAAAAAAAAAAAAAAAAAAAAAAAAAAAAAAAAAAAAAAAAAAAAAAAAAAAAAAAAAAAAAAAAAAAAAAAAAAAAAAAAAAAAAAAAAAAAAAAAAAAAAAAAAAAAAAAAAAAAAAAAAAAAAAAAAAAAAAAAAAAAAAAAAAAAAAAAAAAAAAAAAAAAAAAAAAAAAAAAAAAAAAAAAAAAAAAAAA
 Payload      : 
 Expected     : 200
---- Prepare Row 32: Query_Q_255Len ----
 HTTP Method  : GET
 Endpoint     : https://awdevtenant2.dev-int-aws-us.webmethods.io/b2b/partner-users?q=B2B_API_Auto_AAAAAAAAAAAAAAAAAAAAAAAAAAAAAAAAAAAAAAAAAAAAAAAAAAAAAAAAAAAAAAAAAAAAAAAAAAAAAAAAAAAAAAAAAAAAAAAAAAAAAAAAAAAAAAAAAAAAAAAAAAAAAAAAAAAAAAAAAAAAAAAAAAAAAAAAAAAAAAAAAAAAAAAAAAAAAAAAAAAAAAAAAAAAAAAAAAAAAAAAAAAAAAAAAAAAAAAAAAAAAAAAAAAAAAAAAAAAAAAAAA
 Payload      : 
 Expected     : 200
---- Prepare Row 33: Query_Q_256Len ----
 HTTP Method  : GET
 Endpoint     : https://awdevtenant2.dev-int-aws-us.webmethods.io/b2b/partner-users?q=B2B_API_Auto_AAAAAAAAAAAAAAAAAAAAAAAAAAAAAAAAAAAAAAAAAAAAAAAAAAAAAAAAAAAAAAAAAAAAAAAAAAAAAAAAAAAAAAAAAAAAAAAAAAAAAAAAAAAAAAAAAAAAAAAAAAAAAAAAAAAAAAAAAAAAAAAAAAAAAAAAAAAAAAAAAAAAAAAAAAAAAAAAAAAAAAAAAAAAAAAAAAAAAAAAAAAAAAAAAAAAAAAAAAAAAAAAAAAAAAAAAAAAAAAAAAA
 Payload      : 
 Expected     : 200
---- Prepare Row 34: Query_Q_Empty ----
 HTTP Method  : GET
 Endpoint     : https://awdevtenant2.dev-int-aws-us.webmethods.io/b2b/partner-users?q= 
 Payload      : 
 Expected     : 200
Paramter is :: [user, name, valid, value]
Request method:	GET
Request URI:	https://awdevtenant2.dev-int-aws-us.webmethods.io/b2b/partner-users
Proxy:			<none>
Request params:	<none>
Query params:	<none>
Form params:	<none>
Path params:	<none>
Headers:		Accept=application/json
				X-CSRF-TOKEN=fd7b4dda-3970-4810-bc9c-63525133d8dd
				Cookie=route=1759118879.799.33.191404|c0e63767b447af5595857cdaa5d12780;b2bsessionid=14A99E3FB45FA725AD50A1B37291A942
				Content-Type=application/json
Cookies:		<none>
Multiparts:		<none>
Body:			<none>
Paramter is :: [user, name, with, spaces]
---- Prepare Row 36: Query_Q_Leading_Trailing_Spaces ----
 HTTP Method  : GET
 Endpoint     : https://awdevtenant2.dev-int-aws-us.webmethods.io/b2b/partner-users?q=B 2B_TCG_1f329a
 Payload      : 
 Expected     : 200
---- Prepare Row 37: Query_Q_Null ----
 HTTP Method  : GET
 Endpoint     : https://awdevtenant2.dev-int-aws-us.webmethods.io/b2b/partner-users?q=null
 Payload      : 
 Expected     : 200
---- Prepare Row 38: Query_Q_SpecialChars ----
 HTTP Method  : GET
 Endpoint     : https://awdevtenant2.dev-int-aws-us.webmethods.io/b2b/partner-users?q=@#$%^??
 Payload      : 
 Expected     : 200
---- Prepare Row 39: Sort_By_FullName_Asc ----
 HTTP Method  : GET
 Endpoint     : https://awdevtenant2.dev-int-aws-us.webmethods.io/b2b/partner-users?sort=+full_name
 Payload      : 
 Expected     : 200
---- Prepare Row 40: Sort_By_FullName_Desc ----
 HTTP Method  : GET
 Endpoint     : https://awdevtenant2.dev-int-aws-us.webmethods.io/b2b/partner-users?sort=-full_name
 Payload      : 
 Expected     : 200
---- Prepare Row 41: Sort_By_UpdatedDate_Asc ----
 HTTP Method  : GET
 Endpoint     : https://awdevtenant2.dev-int-aws-us.webmethods.io/b2b/partner-users?sort=+updated_date
 Payload      : 
 Expected     : 200
---- Prepare Row 42: Sort_By_UpdatedDate_Desc ----
 HTTP Method  : GET
 Endpoint     : https://awdevtenant2.dev-int-aws-us.webmethods.io/b2b/partner-users?sort=-updated_date
 Payload      : 
 Expected     : 200
---- Prepare Row 43: Sort_By_UserName_Asc ----
 HTTP Method  : GET
 Endpoint     : https://awdevtenant2.dev-int-aws-us.webmethods.io/b2b/partner-users?sort=+user_name
 Payload      : 
 Expected     : 200
---- Prepare Row 44: Sort_By_UserName_Desc ----
 HTTP Method  : GET
 Endpoint     : https://awdevtenant2.dev-int-aws-us.webmethods.io/b2b/partner-users?sort=-user_name
 Payload      : 
 Expected     : 200
---- Prepare Row 45: Sort_Invalid_Field ----
 HTTP Method  : GET
 Endpoint     : https://awdevtenant2.dev-int-aws-us.webmethods.io/b2b/partner-users?sort=+created_date
 Payload      : 
 Expected     : 400
Paramter is :: [partner, user, id, valid]
Request method:	GET
Request URI:	https://awdevtenant2.dev-int-aws-us.webmethods.io/b2b/partner-users
Proxy:			<none>
Request params:	<none>
Query params:	<none>
Form params:	<none>
Path params:	<none>
Headers:		Accept=application/json
				X-CSRF-TOKEN=fd7b4dda-3970-4810-bc9c-63525133d8dd
				Cookie=route=1759118879.799.33.191404|c0e63767b447af5595857cdaa5d12780;b2bsessionid=14A99E3FB45FA725AD50A1B37291A942
				Content-Type=application/json
Cookies:		<none>
Multiparts:		<none>
Body:			<none>
Paramter is :: [partner, user, id, not, found]
Paramter is :: [password, valid, value]
---- Prepare Row 47: UpdatePassword_Id_NotFound ----
 HTTP Method  : PUT
 Endpoint     : https://awdevtenant2.dev-int-aws-us.webmethods.io/b2b/partner-users/2134243234342324/updatePassword
 Payload      : {"new_password":"Password@123"}
 Expected     : 400
Paramter is :: [partner, user, id, valid]
Request method:	GET
Request URI:	https://awdevtenant2.dev-int-aws-us.webmethods.io/b2b/partner-users
Proxy:			<none>
Request params:	<none>
Query params:	<none>
Form params:	<none>
Path params:	<none>
Headers:		Accept=application/json
				X-CSRF-TOKEN=fd7b4dda-3970-4810-bc9c-63525133d8dd
				Cookie=route=1759118879.799.33.191404|c0e63767b447af5595857cdaa5d12780;b2bsessionid=14A99E3FB45FA725AD50A1B37291A942
				Content-Type=application/json
Cookies:		<none>
Multiparts:		<none>
Body:			<none>
Paramter is :: [partner, user, id, valid]
Request method:	GET
Request URI:	https://awdevtenant2.dev-int-aws-us.webmethods.io/b2b/partner-users
Proxy:			<none>
Request params:	<none>
Query params:	<none>
Form params:	<none>
Path params:	<none>
Headers:		Accept=application/json
				X-CSRF-TOKEN=fd7b4dda-3970-4810-bc9c-63525133d8dd
				Cookie=route=1759118879.799.33.191404|c0e63767b447af5595857cdaa5d12780;b2bsessionid=14A99E3FB45FA725AD50A1B37291A942
				Content-Type=application/json
Cookies:		<none>
Multiparts:		<none>
Body:			<none>
Paramter is :: [partner, user, id, valid]
Request method:	GET
Request URI:	https://awdevtenant2.dev-int-aws-us.webmethods.io/b2b/partner-users
Proxy:			<none>
Request params:	<none>
Query params:	<none>
Form params:	<none>
Path params:	<none>
Headers:		Accept=application/json
				X-CSRF-TOKEN=fd7b4dda-3970-4810-bc9c-63525133d8dd
				Cookie=route=1759118879.799.33.191404|c0e63767b447af5595857cdaa5d12780;b2bsessionid=14A99E3FB45FA725AD50A1B37291A942
				Content-Type=application/json
Cookies:		<none>
Multiparts:		<none>
Body:			<none>
Paramter is :: [partner, user, id, valid]
Request method:	GET
Request URI:	https://awdevtenant2.dev-int-aws-us.webmethods.io/b2b/partner-users
Proxy:			<none>
Request params:	<none>
Query params:	<none>
Form params:	<none>
Path params:	<none>
Headers:		Accept=application/json
				X-CSRF-TOKEN=fd7b4dda-3970-4810-bc9c-63525133d8dd
				Cookie=route=1759118879.799.33.191404|c0e63767b447af5595857cdaa5d12780;b2bsessionid=14A99E3FB45FA725AD50A1B37291A942
				Content-Type=application/json
Cookies:		<none>
Multiparts:		<none>
Body:			<none>
Paramter is :: [partner, user, id, valid]
Request method:	GET
Request URI:	https://awdevtenant2.dev-int-aws-us.webmethods.io/b2b/partner-users
Proxy:			<none>
Request params:	<none>
Query params:	<none>
Form params:	<none>
Path params:	<none>
Headers:		Accept=application/json
				X-CSRF-TOKEN=fd7b4dda-3970-4810-bc9c-63525133d8dd
				Cookie=route=1759118879.799.33.191404|c0e63767b447af5595857cdaa5d12780;b2bsessionid=14A99E3FB45FA725AD50A1B37291A942
				Content-Type=application/json
Cookies:		<none>
Multiparts:		<none>
Body:			<none>
Paramter is :: [partner, user, id, valid]
Request method:	GET
Request URI:	https://awdevtenant2.dev-int-aws-us.webmethods.io/b2b/partner-users
Proxy:			<none>
Request params:	<none>
Query params:	<none>
Form params:	<none>
Path params:	<none>
Headers:		Accept=application/json
				X-CSRF-TOKEN=fd7b4dda-3970-4810-bc9c-63525133d8dd
				Cookie=route=1759118879.799.33.191404|c0e63767b447af5595857cdaa5d12780;b2bsessionid=14A99E3FB45FA725AD50A1B37291A942
				Content-Type=application/json
Cookies:		<none>
Multiparts:		<none>
Body:			<none>
Paramter is :: [full, name, valid, value]
Request method:	GET
Request URI:	https://awdevtenant2.dev-int-aws-us.webmethods.io/b2b/partner-users
Proxy:			<none>
Request params:	<none>
Query params:	<none>
Form params:	<none>
Path params:	<none>
Headers:		Accept=application/json
				X-CSRF-TOKEN=fd7b4dda-3970-4810-bc9c-63525133d8dd
				Cookie=route=1759118879.799.33.191404|c0e63767b447af5595857cdaa5d12780;b2bsessionid=14A99E3FB45FA725AD50A1B37291A942
				Content-Type=application/json
Cookies:		<none>
Multiparts:		<none>
Body:			<none>
Paramter is :: [partner, user, id, valid]
Request method:	GET
Request URI:	https://awdevtenant2.dev-int-aws-us.webmethods.io/b2b/partner-users
Proxy:			<none>
Request params:	<none>
Query params:	<none>
Form params:	<none>
Path params:	<none>
Headers:		Accept=application/json
				X-CSRF-TOKEN=fd7b4dda-3970-4810-bc9c-63525133d8dd
				Cookie=route=1759118879.799.33.191404|c0e63767b447af5595857cdaa5d12780;b2bsessionid=14A99E3FB45FA725AD50A1B37291A942
				Content-Type=application/json
Cookies:		<none>
Multiparts:		<none>
Body:			<none>
Paramter is :: [partner, user, id, valid]
Request method:	GET
Request URI:	https://awdevtenant2.dev-int-aws-us.webmethods.io/b2b/partner-users
Proxy:			<none>
Request params:	<none>
Query params:	<none>
Form params:	<none>
Path params:	<none>
Headers:		Accept=application/json
				X-CSRF-TOKEN=fd7b4dda-3970-4810-bc9c-63525133d8dd
				Cookie=route=1759118879.799.33.191404|c0e63767b447af5595857cdaa5d12780;b2bsessionid=14A99E3FB45FA725AD50A1B37291A942
				Content-Type=application/json
Cookies:		<none>
Multiparts:		<none>
Body:			<none>
Paramter is :: [partner, user, id, valid]
Request method:	GET
Request URI:	https://awdevtenant2.dev-int-aws-us.webmethods.io/b2b/partner-users
Proxy:			<none>
Request params:	<none>
Query params:	<none>
Form params:	<none>
Path params:	<none>
Headers:		Accept=application/json
				X-CSRF-TOKEN=fd7b4dda-3970-4810-bc9c-63525133d8dd
				Cookie=route=1759118879.799.33.191404|c0e63767b447af5595857cdaa5d12780;b2bsessionid=14A99E3FB45FA725AD50A1B37291A942
				Content-Type=application/json
Cookies:		<none>
Multiparts:		<none>
Body:			<none>
Paramter is :: [partner, user, id, valid]
Request method:	GET
Request URI:	https://awdevtenant2.dev-int-aws-us.webmethods.io/b2b/partner-users
Proxy:			<none>
Request params:	<none>
Query params:	<none>
Form params:	<none>
Path params:	<none>
Headers:		Accept=application/json
				X-CSRF-TOKEN=fd7b4dda-3970-4810-bc9c-63525133d8dd
				Cookie=route=1759118879.799.33.191404|c0e63767b447af5595857cdaa5d12780;b2bsessionid=14A99E3FB45FA725AD50A1B37291A942
				Content-Type=application/json
Cookies:		<none>
Multiparts:		<none>
Body:			<none>
Paramter is :: [partner, user, id, valid]
Request method:	GET
Request URI:	https://awdevtenant2.dev-int-aws-us.webmethods.io/b2b/partner-users
Proxy:			<none>
Request params:	<none>
Query params:	<none>
Form params:	<none>
Path params:	<none>
Headers:		Accept=application/json
				X-CSRF-TOKEN=fd7b4dda-3970-4810-bc9c-63525133d8dd
				Cookie=route=1759118879.799.33.191404|c0e63767b447af5595857cdaa5d12780;b2bsessionid=14A99E3FB45FA725AD50A1B37291A942
				Content-Type=application/json
Cookies:		<none>
Multiparts:		<none>
Body:			<none>
Paramter is :: [partner, user, id, valid]
Request method:	GET
Request URI:	https://awdevtenant2.dev-int-aws-us.webmethods.io/b2b/partner-users
Proxy:			<none>
Request params:	<none>
Query params:	<none>
Form params:	<none>
Path params:	<none>
Headers:		Accept=application/json
				X-CSRF-TOKEN=fd7b4dda-3970-4810-bc9c-63525133d8dd
				Cookie=route=1759118879.799.33.191404|c0e63767b447af5595857cdaa5d12780;b2bsessionid=14A99E3FB45FA725AD50A1B37291A942
				Content-Type=application/json
Cookies:		<none>
Multiparts:		<none>
Body:			<none>
---- Prepare Row 61: Delete_ById_Empty ----
 HTTP Method  : DELETE
 Endpoint     : https://awdevtenant2.dev-int-aws-us.webmethods.io/b2b/partner-users/ /updatePassword
 Payload      : 
 Expected     : 400
Paramter is :: [partner, user, id, not, found]
---- Prepare Row 62: Delete_ById_NotFound ----
 HTTP Method  : DELETE
 Endpoint     : https://awdevtenant2.dev-int-aws-us.webmethods.io/b2b/partner-users/2134243234342324/updatePassword
 Payload      : 
 Expected     : 400
---- Prepare Row 63: Delete_ById_Null ----
 HTTP Method  : DELETE
 Endpoint     : https://awdevtenant2.dev-int-aws-us.webmethods.io/b2b/partner-users/null/updatePassword
 Payload      : 
 Expected     : 400
---- Prepare Row 64: Delete_ById_SpecialChars ----
 HTTP Method  : DELETE
 Endpoint     : https://awdevtenant2.dev-int-aws-us.webmethods.io/b2b/partner-users/@#$%^??/updatePassword
 Payload      : 
 Expected     : 400
Paramter is :: [partner, user, id, valid]
Request method:	GET
Request URI:	https://awdevtenant2.dev-int-aws-us.webmethods.io/b2b/partner-users
Proxy:			<none>
Request params:	<none>
Query params:	<none>
Form params:	<none>
Path params:	<none>
Headers:		Accept=application/json
				X-CSRF-TOKEN=fd7b4dda-3970-4810-bc9c-63525133d8dd
				Cookie=route=1759118879.799.33.191404|c0e63767b447af5595857cdaa5d12780;b2bsessionid=14A99E3FB45FA725AD50A1B37291A942
				Content-Type=application/json
Cookies:		<none>
Multiparts:		<none>
Body:			<none>
✅ Modified CSV written to: src/test/java/resources/GeneratedTestCases/modifiedTestCases.csv
---- Executing Row 1: Create_LeadingTrailing_Spaces ----
 HTTP Method  : POST
 Endpoint     : https://awdevtenant2.dev-int-aws-us.webmethods.io/b2b/partner-users
 Payload      : {"full_name":"B 2B_TCG_8af69f","user_name":"B 2B_TCG_911156","password":"Password@123"}
 Expected     : 200
Request method:	POST
Request URI:	https://awdevtenant2.dev-int-aws-us.webmethods.io/b2b/partner-users
Proxy:			<none>
Request params:	<none>
Query params:	<none>
Form params:	<none>
Path params:	<none>
Headers:		x-csrf-token=fd7b4dda-3970-4810-bc9c-63525133d8dd
				Accept=application/json
				Cookie=route=1759118879.799.33.191404|c0e63767b447af5595857cdaa5d12780;b2bsessionid=14A99E3FB45FA725AD50A1B37291A942
				Content-Type=application/json
Cookies:		<none>
Multiparts:		<none>
Body:
{
    "full_name": "B 2B_TCG_8af69f",
    "user_name": "B 2B_TCG_911156",
    "password": "Password@123"
}
 Actual Status : 400
---- Executing Row 2: Create_LongStrings_254 ----
 HTTP Method  : POST
 Endpoint     : https://awdevtenant2.dev-int-aws-us.webmethods.io/b2b/partner-users
 Payload      : {"full_name":"B2B_API_Auto_AAAAAAAAAAAAAAAAAAAAAAAAAAAAAAAAAAAAAAAAAAAAAAAAAAAAAAAAAAAAAAAAAAAAAAAAAAAAAAAAAAAAAAAAAAAAAAAAAAAAAAAAAAAAAAAAAAAAAAAAAAAAAAAAAAAAAAAAAAAAAAAAAAAAAAAAAAAAAAAAAAAAAAAAAAAAAAAAAAAAAAAAAAAAAAAAAAAAAAAAAAAAAAAAAAAAAAAAAAAAAAAAAAAAAAAAAAAAAAAAA","user_name":"B2B_API_Auto_AAAAAAAAAAAAAAAAAAAAAAAAAAAAAAAAAAAAAAAAAAAAAAAAAAAAAAAAAAAAAAAAAAAAAAAAAAAAAAAAAAAAAAAAAAAAAAAAAAAAAAAAAAAAAAAAAAAAAAAAAAAAAAAAAAAAAAAAAAAAAAAAAAAAAAAAAAAAAAAAAAAAAAAAAAAAAAAAAAAAAAAAAAAAAAAAAAAAAAAAAAAAAAAAAAAAAAAAAAAAAAAAAAAAAAAAAAAAAAAAA","password":"B2B_API_Auto_AAAAAAAAAAAAAAAAAAAAAAAAAAAAAAAAAAAAAAAAAAAAAAAAAAAAAAAAAAAAAAAAAAAAAAAAAAAAAAAAAAAAAAAAAAAAAAAAAAAAAAAAAAAAAAAAAAAAAAAAAAAAAAAAAAAAAAAAAAAAAAAAAAAAAAAAAAAAAAAAAAAAAAAAAAAAAAAAAAAAAAAAAAAAAAAAAAAAAAAAAAAAAAAAAAAAAAAAAAAAAAAAAAAAAAAAAAAAAAAAA"}
 Expected     : 200
Request method:	POST
Request URI:	https://awdevtenant2.dev-int-aws-us.webmethods.io/b2b/partner-users
Proxy:			<none>
Request params:	<none>
Query params:	<none>
Form params:	<none>
Path params:	<none>
Headers:		x-csrf-token=fd7b4dda-3970-4810-bc9c-63525133d8dd
				Accept=application/json
				Cookie=route=1759118879.799.33.191404|c0e63767b447af5595857cdaa5d12780;b2bsessionid=14A99E3FB45FA725AD50A1B37291A942
				Content-Type=application/json
Cookies:		<none>
Multiparts:		<none>
Body:
{
    "full_name": "B2B_API_Auto_AAAAAAAAAAAAAAAAAAAAAAAAAAAAAAAAAAAAAAAAAAAAAAAAAAAAAAAAAAAAAAAAAAAAAAAAAAAAAAAAAAAAAAAAAAAAAAAAAAAAAAAAAAAAAAAAAAAAAAAAAAAAAAAAAAAAAAAAAAAAAAAAAAAAAAAAAAAAAAAAAAAAAAAAAAAAAAAAAAAAAAAAAAAAAAAAAAAAAAAAAAAAAAAAAAAAAAAAAAAAAAAAAAAAAAAAAAAAAAAAA",
    "user_name": "B2B_API_Auto_AAAAAAAAAAAAAAAAAAAAAAAAAAAAAAAAAAAAAAAAAAAAAAAAAAAAAAAAAAAAAAAAAAAAAAAAAAAAAAAAAAAAAAAAAAAAAAAAAAAAAAAAAAAAAAAAAAAAAAAAAAAAAAAAAAAAAAAAAAAAAAAAAAAAAAAAAAAAAAAAAAAAAAAAAAAAAAAAAAAAAAAAAAAAAAAAAAAAAAAAAAAAAAAAAAAAAAAAAAAAAAAAAAAAAAAAAAAAAAAAA",
    "password": "B2B_API_Auto_AAAAAAAAAAAAAAAAAAAAAAAAAAAAAAAAAAAAAAAAAAAAAAAAAAAAAAAAAAAAAAAAAAAAAAAAAAAAAAAAAAAAAAAAAAAAAAAAAAAAAAAAAAAAAAAAAAAAAAAAAAAAAAAAAAAAAAAAAAAAAAAAAAAAAAAAAAAAAAAAAAAAAAAAAAAAAAAAAAAAAAAAAAAAAAAAAAAAAAAAAAAAAAAAAAAAAAAAAAAAAAAAAAAAAAAAAAAAAAAAA"
}
 Actual Status : 400
---- Executing Row 3: Create_LongStrings_255 ----
 HTTP Method  : POST
 Endpoint     : https://awdevtenant2.dev-int-aws-us.webmethods.io/b2b/partner-users
 Payload      : {"full_name":"B2B_API_Auto_AAAAAAAAAAAAAAAAAAAAAAAAAAAAAAAAAAAAAAAAAAAAAAAAAAAAAAAAAAAAAAAAAAAAAAAAAAAAAAAAAAAAAAAAAAAAAAAAAAAAAAAAAAAAAAAAAAAAAAAAAAAAAAAAAAAAAAAAAAAAAAAAAAAAAAAAAAAAAAAAAAAAAAAAAAAAAAAAAAAAAAAAAAAAAAAAAAAAAAAAAAAAAAAAAAAAAAAAAAAAAAAAAAAAAAAAAAAAAAAAAA","user_name":"B2B_API_Auto_AAAAAAAAAAAAAAAAAAAAAAAAAAAAAAAAAAAAAAAAAAAAAAAAAAAAAAAAAAAAAAAAAAAAAAAAAAAAAAAAAAAAAAAAAAAAAAAAAAAAAAAAAAAAAAAAAAAAAAAAAAAAAAAAAAAAAAAAAAAAAAAAAAAAAAAAAAAAAAAAAAAAAAAAAAAAAAAAAAAAAAAAAAAAAAAAAAAAAAAAAAAAAAAAAAAAAAAAAAAAAAAAAAAAAAAAAAAAAAAAAA","password":"B2B_API_Auto_AAAAAAAAAAAAAAAAAAAAAAAAAAAAAAAAAAAAAAAAAAAAAAAAAAAAAAAAAAAAAAAAAAAAAAAAAAAAAAAAAAAAAAAAAAAAAAAAAAAAAAAAAAAAAAAAAAAAAAAAAAAAAAAAAAAAAAAAAAAAAAAAAAAAAAAAAAAAAAAAAAAAAAAAAAAAAAAAAAAAAAAAAAAAAAAAAAAAAAAAAAAAAAAAAAAAAAAAAAAAAAAAAAAAAAAAAAAAAAAAAA"}
 Expected     : 200
Request method:	POST
Request URI:	https://awdevtenant2.dev-int-aws-us.webmethods.io/b2b/partner-users
Proxy:			<none>
Request params:	<none>
Query params:	<none>
Form params:	<none>
Path params:	<none>
Headers:		x-csrf-token=fd7b4dda-3970-4810-bc9c-63525133d8dd
				Accept=application/json
				Cookie=route=1759118879.799.33.191404|c0e63767b447af5595857cdaa5d12780;b2bsessionid=14A99E3FB45FA725AD50A1B37291A942
				Content-Type=application/json
Cookies:		<none>
Multiparts:		<none>
Body:
{
    "full_name": "B2B_API_Auto_AAAAAAAAAAAAAAAAAAAAAAAAAAAAAAAAAAAAAAAAAAAAAAAAAAAAAAAAAAAAAAAAAAAAAAAAAAAAAAAAAAAAAAAAAAAAAAAAAAAAAAAAAAAAAAAAAAAAAAAAAAAAAAAAAAAAAAAAAAAAAAAAAAAAAAAAAAAAAAAAAAAAAAAAAAAAAAAAAAAAAAAAAAAAAAAAAAAAAAAAAAAAAAAAAAAAAAAAAAAAAAAAAAAAAAAAAAAAAAAAAA",
    "user_name": "B2B_API_Auto_AAAAAAAAAAAAAAAAAAAAAAAAAAAAAAAAAAAAAAAAAAAAAAAAAAAAAAAAAAAAAAAAAAAAAAAAAAAAAAAAAAAAAAAAAAAAAAAAAAAAAAAAAAAAAAAAAAAAAAAAAAAAAAAAAAAAAAAAAAAAAAAAAAAAAAAAAAAAAAAAAAAAAAAAAAAAAAAAAAAAAAAAAAAAAAAAAAAAAAAAAAAAAAAAAAAAAAAAAAAAAAAAAAAAAAAAAAAAAAAAAA",
    "password": "B2B_API_Auto_AAAAAAAAAAAAAAAAAAAAAAAAAAAAAAAAAAAAAAAAAAAAAAAAAAAAAAAAAAAAAAAAAAAAAAAAAAAAAAAAAAAAAAAAAAAAAAAAAAAAAAAAAAAAAAAAAAAAAAAAAAAAAAAAAAAAAAAAAAAAAAAAAAAAAAAAAAAAAAAAAAAAAAAAAAAAAAAAAAAAAAAAAAAAAAAAAAAAAAAAAAAAAAAAAAAAAAAAAAAAAAAAAAAAAAAAAAAAAAAAAA"
}
 Actual Status : 400
---- Executing Row 4: Create_LongStrings_256 ----
 HTTP Method  : POST
 Endpoint     : https://awdevtenant2.dev-int-aws-us.webmethods.io/b2b/partner-users
 Payload      : {"full_name":"B2B_API_Auto_AAAAAAAAAAAAAAAAAAAAAAAAAAAAAAAAAAAAAAAAAAAAAAAAAAAAAAAAAAAAAAAAAAAAAAAAAAAAAAAAAAAAAAAAAAAAAAAAAAAAAAAAAAAAAAAAAAAAAAAAAAAAAAAAAAAAAAAAAAAAAAAAAAAAAAAAAAAAAAAAAAAAAAAAAAAAAAAAAAAAAAAAAAAAAAAAAAAAAAAAAAAAAAAAAAAAAAAAAAAAAAAAAAAAAAAAAAAAAAAAAAA","user_name":"B2B_API_Auto_AAAAAAAAAAAAAAAAAAAAAAAAAAAAAAAAAAAAAAAAAAAAAAAAAAAAAAAAAAAAAAAAAAAAAAAAAAAAAAAAAAAAAAAAAAAAAAAAAAAAAAAAAAAAAAAAAAAAAAAAAAAAAAAAAAAAAAAAAAAAAAAAAAAAAAAAAAAAAAAAAAAAAAAAAAAAAAAAAAAAAAAAAAAAAAAAAAAAAAAAAAAAAAAAAAAAAAAAAAAAAAAAAAAAAAAAAAAAAAAAAAA","password":"B2B_API_Auto_AAAAAAAAAAAAAAAAAAAAAAAAAAAAAAAAAAAAAAAAAAAAAAAAAAAAAAAAAAAAAAAAAAAAAAAAAAAAAAAAAAAAAAAAAAAAAAAAAAAAAAAAAAAAAAAAAAAAAAAAAAAAAAAAAAAAAAAAAAAAAAAAAAAAAAAAAAAAAAAAAAAAAAAAAAAAAAAAAAAAAAAAAAAAAAAAAAAAAAAAAAAAAAAAAAAAAAAAAAAAAAAAAAAAAAAAAAAAAAAAAAA"}
 Expected     : 400
Request method:	POST
Request URI:	https://awdevtenant2.dev-int-aws-us.webmethods.io/b2b/partner-users
Proxy:			<none>
Request params:	<none>
Query params:	<none>
Form params:	<none>
Path params:	<none>
Headers:		x-csrf-token=fd7b4dda-3970-4810-bc9c-63525133d8dd
				Accept=application/json
				Cookie=route=1759118879.799.33.191404|c0e63767b447af5595857cdaa5d12780;b2bsessionid=14A99E3FB45FA725AD50A1B37291A942
				Content-Type=application/json
Cookies:		<none>
Multiparts:		<none>
Body:
{
    "full_name": "B2B_API_Auto_AAAAAAAAAAAAAAAAAAAAAAAAAAAAAAAAAAAAAAAAAAAAAAAAAAAAAAAAAAAAAAAAAAAAAAAAAAAAAAAAAAAAAAAAAAAAAAAAAAAAAAAAAAAAAAAAAAAAAAAAAAAAAAAAAAAAAAAAAAAAAAAAAAAAAAAAAAAAAAAAAAAAAAAAAAAAAAAAAAAAAAAAAAAAAAAAAAAAAAAAAAAAAAAAAAAAAAAAAAAAAAAAAAAAAAAAAAAAAAAAAAA",
    "user_name": "B2B_API_Auto_AAAAAAAAAAAAAAAAAAAAAAAAAAAAAAAAAAAAAAAAAAAAAAAAAAAAAAAAAAAAAAAAAAAAAAAAAAAAAAAAAAAAAAAAAAAAAAAAAAAAAAAAAAAAAAAAAAAAAAAAAAAAAAAAAAAAAAAAAAAAAAAAAAAAAAAAAAAAAAAAAAAAAAAAAAAAAAAAAAAAAAAAAAAAAAAAAAAAAAAAAAAAAAAAAAAAAAAAAAAAAAAAAAAAAAAAAAAAAAAAAAA",
    "password": "B2B_API_Auto_AAAAAAAAAAAAAAAAAAAAAAAAAAAAAAAAAAAAAAAAAAAAAAAAAAAAAAAAAAAAAAAAAAAAAAAAAAAAAAAAAAAAAAAAAAAAAAAAAAAAAAAAAAAAAAAAAAAAAAAAAAAAAAAAAAAAAAAAAAAAAAAAAAAAAAAAAAAAAAAAAAAAAAAAAAAAAAAAAAAAAAAAAAAAAAAAAAAAAAAAAAAAAAAAAAAAAAAAAAAAAAAAAAAAAAAAAAAAAAAAAAA"
}
 Actual Status : 400
[PASS] Row 4 (Create_LongStrings_256)
---- Executing Row 5: Create_SpecialChars ----
 HTTP Method  : POST
 Endpoint     : https://awdevtenant2.dev-int-aws-us.webmethods.io/b2b/partner-users
 Payload      : {"full_name":"@#$%^??","user_name":"@#$%^??","password":"@#$%^??"}
 Expected     : 200
Request method:	POST
Request URI:	https://awdevtenant2.dev-int-aws-us.webmethods.io/b2b/partner-users
Proxy:			<none>
Request params:	<none>
Query params:	<none>
Form params:	<none>
Path params:	<none>
Headers:		x-csrf-token=fd7b4dda-3970-4810-bc9c-63525133d8dd
				Accept=application/json
				Cookie=route=1759118879.799.33.191404|c0e63767b447af5595857cdaa5d12780;b2bsessionid=14A99E3FB45FA725AD50A1B37291A942
				Content-Type=application/json
Cookies:		<none>
Multiparts:		<none>
Body:
{
    "full_name": "@#$%^??",
    "user_name": "@#$%^??",
    "password": "@#$%^??"
}
 Actual Status : 400
---- Executing Row 6: Filter_Active_False ----
 HTTP Method  : GET
 Endpoint     : https://awdevtenant2.dev-int-aws-us.webmethods.io/b2b/partner-users?active=false
 Payload      : 
 Expected     : 200
Request method:	GET
Request URI:	https://awdevtenant2.dev-int-aws-us.webmethods.io/b2b/partner-users?active=false
Proxy:			<none>
Request params:	<none>
Query params:	<none>
Form params:	<none>
Path params:	<none>
Headers:		Accept=application/json
				X-CSRF-TOKEN=fd7b4dda-3970-4810-bc9c-63525133d8dd
				Cookie=route=1759118879.799.33.191404|c0e63767b447af5595857cdaa5d12780;b2bsessionid=14A99E3FB45FA725AD50A1B37291A942
				Content-Type=application/json
Cookies:		<none>
Multiparts:		<none>
Body:			<none>
 Actual Status : 200
[PASS] Row 6 (Filter_Active_False)
---- Executing Row 7: Filter_Active_InvalidString ----
 HTTP Method  : GET
 Endpoint     : https://awdevtenant2.dev-int-aws-us.webmethods.io/b2b/partner-users?active=maybe
 Payload      : 
 Expected     : 400
Request method:	GET
Request URI:	https://awdevtenant2.dev-int-aws-us.webmethods.io/b2b/partner-users?active=maybe
Proxy:			<none>
Request params:	<none>
Query params:	<none>
Form params:	<none>
Path params:	<none>
Headers:		Accept=application/json
				X-CSRF-TOKEN=fd7b4dda-3970-4810-bc9c-63525133d8dd
				Cookie=route=1759118879.799.33.191404|c0e63767b447af5595857cdaa5d12780;b2bsessionid=14A99E3FB45FA725AD50A1B37291A942
				Content-Type=application/json
Cookies:		<none>
Multiparts:		<none>
Body:			<none>
 Actual Status : 400
[PASS] Row 7 (Filter_Active_InvalidString)
---- Executing Row 8: Filter_Active_True ----
 HTTP Method  : GET
 Endpoint     : https://awdevtenant2.dev-int-aws-us.webmethods.io/b2b/partner-users?active=true
 Payload      : 
 Expected     : 200
Request method:	GET
Request URI:	https://awdevtenant2.dev-int-aws-us.webmethods.io/b2b/partner-users?active=true
Proxy:			<none>
Request params:	<none>
Query params:	<none>
Form params:	<none>
Path params:	<none>
Headers:		Accept=application/json
				X-CSRF-TOKEN=fd7b4dda-3970-4810-bc9c-63525133d8dd
				Cookie=route=1759118879.799.33.191404|c0e63767b447af5595857cdaa5d12780;b2bsessionid=14A99E3FB45FA725AD50A1B37291A942
				Content-Type=application/json
Cookies:		<none>
Multiparts:		<none>
Body:			<none>
 Actual Status : 200
[PASS] Row 8 (Filter_Active_True)
---- Executing Row 9: Get_ById_Empty ----
 HTTP Method  : GET
 Endpoint     : https://awdevtenant2.dev-int-aws-us.webmethods.io/b2b/partner-users/ /updatePassword
 Payload      : 
 Expected     : 400
---- Executing Row 10: Get_ById_NotFound ----
 HTTP Method  : GET
 Endpoint     : https://awdevtenant2.dev-int-aws-us.webmethods.io/b2b/partner-users/2134243234342324/updatePassword
 Payload      : 
 Expected     : 400
Request method:	GET
Request URI:	https://awdevtenant2.dev-int-aws-us.webmethods.io/b2b/partner-users/2134243234342324/updatePassword
Proxy:			<none>
Request params:	<none>
Query params:	<none>
Form params:	<none>
Path params:	<none>
Headers:		Accept=application/json
				X-CSRF-TOKEN=fd7b4dda-3970-4810-bc9c-63525133d8dd
				Cookie=route=1759118879.799.33.191404|c0e63767b447af5595857cdaa5d12780;b2bsessionid=14A99E3FB45FA725AD50A1B37291A942
				Content-Type=application/json
Cookies:		<none>
Multiparts:		<none>
Body:			<none>
 Actual Status : 405
---- Executing Row 11: Get_ById_Null ----
 HTTP Method  : GET
 Endpoint     : https://awdevtenant2.dev-int-aws-us.webmethods.io/b2b/partner-users/null/updatePassword
 Payload      : 
 Expected     : 400
Request method:	GET
Request URI:	https://awdevtenant2.dev-int-aws-us.webmethods.io/b2b/partner-users/null/updatePassword
Proxy:			<none>
Request params:	<none>
Query params:	<none>
Form params:	<none>
Path params:	<none>
Headers:		Accept=application/json
				X-CSRF-TOKEN=fd7b4dda-3970-4810-bc9c-63525133d8dd
				Cookie=route=1759118879.799.33.191404|c0e63767b447af5595857cdaa5d12780;b2bsessionid=14A99E3FB45FA725AD50A1B37291A942
				Content-Type=application/json
Cookies:		<none>
Multiparts:		<none>
Body:			<none>
 Actual Status : 405
---- Executing Row 12: Get_ById_SpecialChars ----
 HTTP Method  : GET
 Endpoint     : https://awdevtenant2.dev-int-aws-us.webmethods.io/b2b/partner-users/@#$%^??/updatePassword
 Payload      : 
 Expected     : 400
Request method:	GET
Request URI:	https://awdevtenant2.dev-int-aws-us.webmethods.io/b2b/partner-users/@??/updatePassword
Proxy:			<none>
Request params:	<none>
Query params:	<none>
Form params:	<none>
Path params:	<none>
Headers:		Accept=application/json
				X-CSRF-TOKEN=fd7b4dda-3970-4810-bc9c-63525133d8dd
				Cookie=route=1759118879.799.33.191404|c0e63767b447af5595857cdaa5d12780;b2bsessionid=14A99E3FB45FA725AD50A1B37291A942
				Content-Type=application/json
Cookies:		<none>
Multiparts:		<none>
Body:			<none>
 Actual Status : 400
[PASS] Row 12 (Get_ById_SpecialChars)
---- Executing Row 13: Get_ById_VeryLong ----
 HTTP Method  : GET
 Endpoint     : https://awdevtenant2.dev-int-aws-us.webmethods.io/b2b/partner-users/B2B_API_Auto_AAAAAAAAAAAAAAAAAAAAAAAAAAAAAAAAAAAAAAAAAAAAAAAAAAAAAAAAAAAAAAAAAAAAAAAAAAAAAAAAAAAAAAAAAAAAAAAAAAAAAAAAAAAAAAAAAAAAAAAAAAAAAAAAAAAAAAAAAAAAAAAAAAAAAAAAAAAAAAAAAAAAAAAAAAAAAAAAAAAAAAAAAAAAAAAAAAAAAAAAAAAAAAAAAAAAAAAAAAAAAAAAAAAAAAAAAAAAAAAAAAA/updatePassword
 Payload      : 
 Expected     : 400
Request method:	GET
Request URI:	https://awdevtenant2.dev-int-aws-us.webmethods.io/b2b/partner-users/B2B_API_Auto_AAAAAAAAAAAAAAAAAAAAAAAAAAAAAAAAAAAAAAAAAAAAAAAAAAAAAAAAAAAAAAAAAAAAAAAAAAAAAAAAAAAAAAAAAAAAAAAAAAAAAAAAAAAAAAAAAAAAAAAAAAAAAAAAAAAAAAAAAAAAAAAAAAAAAAAAAAAAAAAAAAAAAAAAAAAAAAAAAAAAAAAAAAAAAAAAAAAAAAAAAAAAAAAAAAAAAAAAAAAAAAAAAAAAAAAAAAAAAAAAAAA/updatePassword
Proxy:			<none>
Request params:	<none>
Query params:	<none>
Form params:	<none>
Path params:	<none>
Headers:		Accept=application/json
				X-CSRF-TOKEN=fd7b4dda-3970-4810-bc9c-63525133d8dd
				Cookie=route=1759118879.799.33.191404|c0e63767b447af5595857cdaa5d12780;b2bsessionid=14A99E3FB45FA725AD50A1B37291A942
				Content-Type=application/json
Cookies:		<none>
Multiparts:		<none>
Body:			<none>
 Actual Status : 405
---- Executing Row 14: List_All_NoParams ----
 HTTP Method  : GET
 Endpoint     : https://awdevtenant2.dev-int-aws-us.webmethods.io/b2b/partner-users
 Payload      : 
 Expected     : 200
Request method:	GET
Request URI:	https://awdevtenant2.dev-int-aws-us.webmethods.io/b2b/partner-users
Proxy:			<none>
Request params:	<none>
Query params:	<none>
Form params:	<none>
Path params:	<none>
Headers:		Accept=application/json
				X-CSRF-TOKEN=fd7b4dda-3970-4810-bc9c-63525133d8dd
				Cookie=route=1759118879.799.33.191404|c0e63767b447af5595857cdaa5d12780;b2bsessionid=14A99E3FB45FA725AD50A1B37291A942
				Content-Type=application/json
Cookies:		<none>
Multiparts:		<none>
Body:			<none>
 Actual Status : 200
[PASS] Row 14 (List_All_NoParams)
---- Executing Row 15: Page_Negative_PageNumber ----
 HTTP Method  : GET
 Endpoint     : https://awdevtenant2.dev-int-aws-us.webmethods.io/b2b/partner-users?pageSize=10&pageNumber=-2
 Payload      : 
 Expected     : 400
Request method:	GET
Request URI:	https://awdevtenant2.dev-int-aws-us.webmethods.io/b2b/partner-users?pageSize=10&pageNumber=-2
Proxy:			<none>
Request params:	<none>
Query params:	<none>
Form params:	<none>
Path params:	<none>
Headers:		Accept=application/json
				X-CSRF-TOKEN=fd7b4dda-3970-4810-bc9c-63525133d8dd
				Cookie=route=1759118879.799.33.191404|c0e63767b447af5595857cdaa5d12780;b2bsessionid=14A99E3FB45FA725AD50A1B37291A942
				Content-Type=application/json
Cookies:		<none>
Multiparts:		<none>
Body:			<none>
 Actual Status : 400
[PASS] Row 15 (Page_Negative_PageNumber)
---- Executing Row 16: Page_Negative_PageSize ----
 HTTP Method  : GET
 Endpoint     : https://awdevtenant2.dev-int-aws-us.webmethods.io/b2b/partner-users?pageSize=-5&pageNumber=1
 Payload      : 
 Expected     : 400
Request method:	GET
Request URI:	https://awdevtenant2.dev-int-aws-us.webmethods.io/b2b/partner-users?pageSize=-5&pageNumber=1
Proxy:			<none>
Request params:	<none>
Query params:	<none>
Form params:	<none>
Path params:	<none>
Headers:		Accept=application/json
				X-CSRF-TOKEN=fd7b4dda-3970-4810-bc9c-63525133d8dd
				Cookie=route=1759118879.799.33.191404|c0e63767b447af5595857cdaa5d12780;b2bsessionid=14A99E3FB45FA725AD50A1B37291A942
				Content-Type=application/json
Cookies:		<none>
Multiparts:		<none>
Body:			<none>
 Actual Status : 400
[PASS] Row 16 (Page_Negative_PageSize)
---- Executing Row 17: Page_String_PageSize ----
 HTTP Method  : GET
 Endpoint     : https://awdevtenant2.dev-int-aws-us.webmethods.io/b2b/partner-users?pageSize=abc&pageNumber=1
 Payload      : 
 Expected     : 400
Request method:	GET
Request URI:	https://awdevtenant2.dev-int-aws-us.webmethods.io/b2b/partner-users?pageSize=abc&pageNumber=1
Proxy:			<none>
Request params:	<none>
Query params:	<none>
Form params:	<none>
Path params:	<none>
Headers:		Accept=application/json
				X-CSRF-TOKEN=fd7b4dda-3970-4810-bc9c-63525133d8dd
				Cookie=route=1759118879.799.33.191404|c0e63767b447af5595857cdaa5d12780;b2bsessionid=14A99E3FB45FA725AD50A1B37291A942
				Content-Type=application/json
Cookies:		<none>
Multiparts:		<none>
Body:			<none>
 Actual Status : 400
[PASS] Row 17 (Page_String_PageSize)
---- Executing Row 18: Page_Valid_FirstPage ----
 HTTP Method  : GET
 Endpoint     : https://awdevtenant2.dev-int-aws-us.webmethods.io/b2b/partner-users?pageSize=10&pageNumber=1
 Payload      : 
 Expected     : 200
Request method:	GET
Request URI:	https://awdevtenant2.dev-int-aws-us.webmethods.io/b2b/partner-users?pageSize=10&pageNumber=1
Proxy:			<none>
Request params:	<none>
Query params:	<none>
Form params:	<none>
Path params:	<none>
Headers:		Accept=application/json
				X-CSRF-TOKEN=fd7b4dda-3970-4810-bc9c-63525133d8dd
				Cookie=route=1759118879.799.33.191404|c0e63767b447af5595857cdaa5d12780;b2bsessionid=14A99E3FB45FA725AD50A1B37291A942
				Content-Type=application/json
Cookies:		<none>
Multiparts:		<none>
Body:			<none>
 Actual Status : 200
[PASS] Row 18 (Page_Valid_FirstPage)
---- Executing Row 19: Page_VeryLarge_PageSize ----
 HTTP Method  : GET
 Endpoint     : https://awdevtenant2.dev-int-aws-us.webmethods.io/b2b/partner-users?pageSize=10000&pageNumber=1
 Payload      : 
 Expected     : 200
Request method:	GET
Request URI:	https://awdevtenant2.dev-int-aws-us.webmethods.io/b2b/partner-users?pageSize=10000&pageNumber=1
Proxy:			<none>
Request params:	<none>
Query params:	<none>
Form params:	<none>
Path params:	<none>
Headers:		Accept=application/json
				X-CSRF-TOKEN=fd7b4dda-3970-4810-bc9c-63525133d8dd
				Cookie=route=1759118879.799.33.191404|c0e63767b447af5595857cdaa5d12780;b2bsessionid=14A99E3FB45FA725AD50A1B37291A942
				Content-Type=application/json
Cookies:		<none>
Multiparts:		<none>
Body:			<none>
 Actual Status : 200
[PASS] Row 19 (Page_VeryLarge_PageSize)
---- Executing Row 20: Page_Zero_PageNumber ----
 HTTP Method  : GET
 Endpoint     : https://awdevtenant2.dev-int-aws-us.webmethods.io/b2b/partner-users?pageSize=10&pageNumber=0
 Payload      : 
 Expected     : 400
Request method:	GET
Request URI:	https://awdevtenant2.dev-int-aws-us.webmethods.io/b2b/partner-users?pageSize=10&pageNumber=0
Proxy:			<none>
Request params:	<none>
Query params:	<none>
Form params:	<none>
Path params:	<none>
Headers:		Accept=application/json
				X-CSRF-TOKEN=fd7b4dda-3970-4810-bc9c-63525133d8dd
				Cookie=route=1759118879.799.33.191404|c0e63767b447af5595857cdaa5d12780;b2bsessionid=14A99E3FB45FA725AD50A1B37291A942
				Content-Type=application/json
Cookies:		<none>
Multiparts:		<none>
Body:			<none>
 Actual Status : 400
[PASS] Row 20 (Page_Zero_PageNumber)
---- Executing Row 21: Page_Zero_PageSize ----
 HTTP Method  : GET
 Endpoint     : https://awdevtenant2.dev-int-aws-us.webmethods.io/b2b/partner-users?pageSize=0&pageNumber=1
 Payload      : 
 Expected     : 400
Request method:	GET
Request URI:	https://awdevtenant2.dev-int-aws-us.webmethods.io/b2b/partner-users?pageSize=0&pageNumber=1
Proxy:			<none>
Request params:	<none>
Query params:	<none>
Form params:	<none>
Path params:	<none>
Headers:		Accept=application/json
				X-CSRF-TOKEN=fd7b4dda-3970-4810-bc9c-63525133d8dd
				Cookie=route=1759118879.799.33.191404|c0e63767b447af5595857cdaa5d12780;b2bsessionid=14A99E3FB45FA725AD50A1B37291A942
				Content-Type=application/json
Cookies:		<none>
Multiparts:		<none>
Body:			<none>
 Actual Status : 400
[PASS] Row 21 (Page_Zero_PageSize)
---- Executing Row 22: Query_Q_254Len ----
 HTTP Method  : GET
 Endpoint     : https://awdevtenant2.dev-int-aws-us.webmethods.io/b2b/partner-users?q=B2B_API_Auto_AAAAAAAAAAAAAAAAAAAAAAAAAAAAAAAAAAAAAAAAAAAAAAAAAAAAAAAAAAAAAAAAAAAAAAAAAAAAAAAAAAAAAAAAAAAAAAAAAAAAAAAAAAAAAAAAAAAAAAAAAAAAAAAAAAAAAAAAAAAAAAAAAAAAAAAAAAAAAAAAAAAAAAAAAAAAAAAAAAAAAAAAAAAAAAAAAAAAAAAAAAAAAAAAAAAAAAAAAAAAAAAAAAAAAAAAAAAAAAAAA
 Payload      : 
 Expected     : 200
Request method:	GET
Request URI:	https://awdevtenant2.dev-int-aws-us.webmethods.io/b2b/partner-users?q=B2B_API_Auto_AAAAAAAAAAAAAAAAAAAAAAAAAAAAAAAAAAAAAAAAAAAAAAAAAAAAAAAAAAAAAAAAAAAAAAAAAAAAAAAAAAAAAAAAAAAAAAAAAAAAAAAAAAAAAAAAAAAAAAAAAAAAAAAAAAAAAAAAAAAAAAAAAAAAAAAAAAAAAAAAAAAAAAAAAAAAAAAAAAAAAAAAAAAAAAAAAAAAAAAAAAAAAAAAAAAAAAAAAAAAAAAAAAAAAAAAAAAAAAAAA
Proxy:			<none>
Request params:	<none>
Query params:	<none>
Form params:	<none>
Path params:	<none>
Headers:		Accept=application/json
				X-CSRF-TOKEN=fd7b4dda-3970-4810-bc9c-63525133d8dd
				Cookie=route=1759118879.799.33.191404|c0e63767b447af5595857cdaa5d12780;b2bsessionid=14A99E3FB45FA725AD50A1B37291A942
				Content-Type=application/json
Cookies:		<none>
Multiparts:		<none>
Body:			<none>
 Actual Status : 200
[PASS] Row 22 (Query_Q_254Len)
---- Executing Row 23: Query_Q_255Len ----
 HTTP Method  : GET
 Endpoint     : https://awdevtenant2.dev-int-aws-us.webmethods.io/b2b/partner-users?q=B2B_API_Auto_AAAAAAAAAAAAAAAAAAAAAAAAAAAAAAAAAAAAAAAAAAAAAAAAAAAAAAAAAAAAAAAAAAAAAAAAAAAAAAAAAAAAAAAAAAAAAAAAAAAAAAAAAAAAAAAAAAAAAAAAAAAAAAAAAAAAAAAAAAAAAAAAAAAAAAAAAAAAAAAAAAAAAAAAAAAAAAAAAAAAAAAAAAAAAAAAAAAAAAAAAAAAAAAAAAAAAAAAAAAAAAAAAAAAAAAAAAAAAAAAAA
 Payload      : 
 Expected     : 200
Request method:	GET
Request URI:	https://awdevtenant2.dev-int-aws-us.webmethods.io/b2b/partner-users?q=B2B_API_Auto_AAAAAAAAAAAAAAAAAAAAAAAAAAAAAAAAAAAAAAAAAAAAAAAAAAAAAAAAAAAAAAAAAAAAAAAAAAAAAAAAAAAAAAAAAAAAAAAAAAAAAAAAAAAAAAAAAAAAAAAAAAAAAAAAAAAAAAAAAAAAAAAAAAAAAAAAAAAAAAAAAAAAAAAAAAAAAAAAAAAAAAAAAAAAAAAAAAAAAAAAAAAAAAAAAAAAAAAAAAAAAAAAAAAAAAAAAAAAAAAAAA
Proxy:			<none>
Request params:	<none>
Query params:	<none>
Form params:	<none>
Path params:	<none>
Headers:		Accept=application/json
				X-CSRF-TOKEN=fd7b4dda-3970-4810-bc9c-63525133d8dd
				Cookie=route=1759118879.799.33.191404|c0e63767b447af5595857cdaa5d12780;b2bsessionid=14A99E3FB45FA725AD50A1B37291A942
				Content-Type=application/json
Cookies:		<none>
Multiparts:		<none>
Body:			<none>
 Actual Status : 200
[PASS] Row 23 (Query_Q_255Len)
---- Executing Row 24: Query_Q_256Len ----
 HTTP Method  : GET
 Endpoint     : https://awdevtenant2.dev-int-aws-us.webmethods.io/b2b/partner-users?q=B2B_API_Auto_AAAAAAAAAAAAAAAAAAAAAAAAAAAAAAAAAAAAAAAAAAAAAAAAAAAAAAAAAAAAAAAAAAAAAAAAAAAAAAAAAAAAAAAAAAAAAAAAAAAAAAAAAAAAAAAAAAAAAAAAAAAAAAAAAAAAAAAAAAAAAAAAAAAAAAAAAAAAAAAAAAAAAAAAAAAAAAAAAAAAAAAAAAAAAAAAAAAAAAAAAAAAAAAAAAAAAAAAAAAAAAAAAAAAAAAAAAAAAAAAAAA
 Payload      : 
 Expected     : 200
Request method:	GET
Request URI:	https://awdevtenant2.dev-int-aws-us.webmethods.io/b2b/partner-users?q=B2B_API_Auto_AAAAAAAAAAAAAAAAAAAAAAAAAAAAAAAAAAAAAAAAAAAAAAAAAAAAAAAAAAAAAAAAAAAAAAAAAAAAAAAAAAAAAAAAAAAAAAAAAAAAAAAAAAAAAAAAAAAAAAAAAAAAAAAAAAAAAAAAAAAAAAAAAAAAAAAAAAAAAAAAAAAAAAAAAAAAAAAAAAAAAAAAAAAAAAAAAAAAAAAAAAAAAAAAAAAAAAAAAAAAAAAAAAAAAAAAAAAAAAAAAAA
Proxy:			<none>
Request params:	<none>
Query params:	<none>
Form params:	<none>
Path params:	<none>
Headers:		Accept=application/json
				X-CSRF-TOKEN=fd7b4dda-3970-4810-bc9c-63525133d8dd
				Cookie=route=1759118879.799.33.191404|c0e63767b447af5595857cdaa5d12780;b2bsessionid=14A99E3FB45FA725AD50A1B37291A942
				Content-Type=application/json
Cookies:		<none>
Multiparts:		<none>
Body:			<none>
 Actual Status : 200
[PASS] Row 24 (Query_Q_256Len)
---- Executing Row 25: Query_Q_Empty ----
 HTTP Method  : GET
 Endpoint     : https://awdevtenant2.dev-int-aws-us.webmethods.io/b2b/partner-users?q= 
 Payload      : 
 Expected     : 200
---- Executing Row 26: Query_Q_Leading_Trailing_Spaces ----
 HTTP Method  : GET
 Endpoint     : https://awdevtenant2.dev-int-aws-us.webmethods.io/b2b/partner-users?q=B 2B_TCG_1f329a
 Payload      : 
 Expected     : 200
---- Executing Row 27: Query_Q_Null ----
 HTTP Method  : GET
 Endpoint     : https://awdevtenant2.dev-int-aws-us.webmethods.io/b2b/partner-users?q=null
 Payload      : 
 Expected     : 200
Request method:	GET
Request URI:	https://awdevtenant2.dev-int-aws-us.webmethods.io/b2b/partner-users?q=null
Proxy:			<none>
Request params:	<none>
Query params:	<none>
Form params:	<none>
Path params:	<none>
Headers:		Accept=application/json
				X-CSRF-TOKEN=fd7b4dda-3970-4810-bc9c-63525133d8dd
				Cookie=route=1759118879.799.33.191404|c0e63767b447af5595857cdaa5d12780;b2bsessionid=14A99E3FB45FA725AD50A1B37291A942
				Content-Type=application/json
Cookies:		<none>
Multiparts:		<none>
Body:			<none>
 Actual Status : 200
[PASS] Row 27 (Query_Q_Null)
---- Executing Row 28: Query_Q_SpecialChars ----
 HTTP Method  : GET
 Endpoint     : https://awdevtenant2.dev-int-aws-us.webmethods.io/b2b/partner-users?q=@#$%^??
 Payload      : 
 Expected     : 200
---- Executing Row 29: Sort_By_FullName_Asc ----
 HTTP Method  : GET
 Endpoint     : https://awdevtenant2.dev-int-aws-us.webmethods.io/b2b/partner-users?sort=+full_name
 Payload      : 
 Expected     : 200
Request method:	GET
Request URI:	https://awdevtenant2.dev-int-aws-us.webmethods.io/b2b/partner-users?sort=+full_name
Proxy:			<none>
Request params:	<none>
Query params:	<none>
Form params:	<none>
Path params:	<none>
Headers:		Accept=application/json
				X-CSRF-TOKEN=fd7b4dda-3970-4810-bc9c-63525133d8dd
				Cookie=route=1759118879.799.33.191404|c0e63767b447af5595857cdaa5d12780;b2bsessionid=14A99E3FB45FA725AD50A1B37291A942
				Content-Type=application/json
Cookies:		<none>
Multiparts:		<none>
Body:			<none>
 Actual Status : 200
[PASS] Row 29 (Sort_By_FullName_Asc)
---- Executing Row 30: Sort_By_FullName_Desc ----
 HTTP Method  : GET
 Endpoint     : https://awdevtenant2.dev-int-aws-us.webmethods.io/b2b/partner-users?sort=-full_name
 Payload      : 
 Expected     : 200
Request method:	GET
Request URI:	https://awdevtenant2.dev-int-aws-us.webmethods.io/b2b/partner-users?sort=-full_name
Proxy:			<none>
Request params:	<none>
Query params:	<none>
Form params:	<none>
Path params:	<none>
Headers:		Accept=application/json
				X-CSRF-TOKEN=fd7b4dda-3970-4810-bc9c-63525133d8dd
				Cookie=route=1759118879.799.33.191404|c0e63767b447af5595857cdaa5d12780;b2bsessionid=14A99E3FB45FA725AD50A1B37291A942
				Content-Type=application/json
Cookies:		<none>
Multiparts:		<none>
Body:			<none>
 Actual Status : 200
[PASS] Row 30 (Sort_By_FullName_Desc)
---- Executing Row 31: Sort_By_UpdatedDate_Asc ----
 HTTP Method  : GET
 Endpoint     : https://awdevtenant2.dev-int-aws-us.webmethods.io/b2b/partner-users?sort=+updated_date
 Payload      : 
 Expected     : 200
Request method:	GET
Request URI:	https://awdevtenant2.dev-int-aws-us.webmethods.io/b2b/partner-users?sort=+updated_date
Proxy:			<none>
Request params:	<none>
Query params:	<none>
Form params:	<none>
Path params:	<none>
Headers:		Accept=application/json
				X-CSRF-TOKEN=fd7b4dda-3970-4810-bc9c-63525133d8dd
				Cookie=route=1759118879.799.33.191404|c0e63767b447af5595857cdaa5d12780;b2bsessionid=14A99E3FB45FA725AD50A1B37291A942
				Content-Type=application/json
Cookies:		<none>
Multiparts:		<none>
Body:			<none>
 Actual Status : 200
[PASS] Row 31 (Sort_By_UpdatedDate_Asc)
---- Executing Row 32: Sort_By_UpdatedDate_Desc ----
 HTTP Method  : GET
 Endpoint     : https://awdevtenant2.dev-int-aws-us.webmethods.io/b2b/partner-users?sort=-updated_date
 Payload      : 
 Expected     : 200
Request method:	GET
Request URI:	https://awdevtenant2.dev-int-aws-us.webmethods.io/b2b/partner-users?sort=-updated_date
Proxy:			<none>
Request params:	<none>
Query params:	<none>
Form params:	<none>
Path params:	<none>
Headers:		Accept=application/json
				X-CSRF-TOKEN=fd7b4dda-3970-4810-bc9c-63525133d8dd
				Cookie=route=1759118879.799.33.191404|c0e63767b447af5595857cdaa5d12780;b2bsessionid=14A99E3FB45FA725AD50A1B37291A942
				Content-Type=application/json
Cookies:		<none>
Multiparts:		<none>
Body:			<none>
 Actual Status : 200
[PASS] Row 32 (Sort_By_UpdatedDate_Desc)
---- Executing Row 33: Sort_By_UserName_Asc ----
 HTTP Method  : GET
 Endpoint     : https://awdevtenant2.dev-int-aws-us.webmethods.io/b2b/partner-users?sort=+user_name
 Payload      : 
 Expected     : 200
Request method:	GET
Request URI:	https://awdevtenant2.dev-int-aws-us.webmethods.io/b2b/partner-users?sort=+user_name
Proxy:			<none>
Request params:	<none>
Query params:	<none>
Form params:	<none>
Path params:	<none>
Headers:		Accept=application/json
				X-CSRF-TOKEN=fd7b4dda-3970-4810-bc9c-63525133d8dd
				Cookie=route=1759118879.799.33.191404|c0e63767b447af5595857cdaa5d12780;b2bsessionid=14A99E3FB45FA725AD50A1B37291A942
				Content-Type=application/json
Cookies:		<none>
Multiparts:		<none>
Body:			<none>
 Actual Status : 200
[PASS] Row 33 (Sort_By_UserName_Asc)
---- Executing Row 34: Sort_By_UserName_Desc ----
 HTTP Method  : GET
 Endpoint     : https://awdevtenant2.dev-int-aws-us.webmethods.io/b2b/partner-users?sort=-user_name
 Payload      : 
 Expected     : 200
Request method:	GET
Request URI:	https://awdevtenant2.dev-int-aws-us.webmethods.io/b2b/partner-users?sort=-user_name
Proxy:			<none>
Request params:	<none>
Query params:	<none>
Form params:	<none>
Path params:	<none>
Headers:		Accept=application/json
				X-CSRF-TOKEN=fd7b4dda-3970-4810-bc9c-63525133d8dd
				Cookie=route=1759118879.799.33.191404|c0e63767b447af5595857cdaa5d12780;b2bsessionid=14A99E3FB45FA725AD50A1B37291A942
				Content-Type=application/json
Cookies:		<none>
Multiparts:		<none>
Body:			<none>
 Actual Status : 200
[PASS] Row 34 (Sort_By_UserName_Desc)
---- Executing Row 35: Sort_Invalid_Field ----
 HTTP Method  : GET
 Endpoint     : https://awdevtenant2.dev-int-aws-us.webmethods.io/b2b/partner-users?sort=+created_date
 Payload      : 
 Expected     : 400
Request method:	GET
Request URI:	https://awdevtenant2.dev-int-aws-us.webmethods.io/b2b/partner-users?sort=+created_date
Proxy:			<none>
Request params:	<none>
Query params:	<none>
Form params:	<none>
Path params:	<none>
Headers:		Accept=application/json
				X-CSRF-TOKEN=fd7b4dda-3970-4810-bc9c-63525133d8dd
				Cookie=route=1759118879.799.33.191404|c0e63767b447af5595857cdaa5d12780;b2bsessionid=14A99E3FB45FA725AD50A1B37291A942
				Content-Type=application/json
Cookies:		<none>
Multiparts:		<none>
Body:			<none>
 Actual Status : 400
[PASS] Row 35 (Sort_Invalid_Field)
---- Executing Row 36: UpdatePassword_Id_NotFound ----
 HTTP Method  : PUT
 Endpoint     : https://awdevtenant2.dev-int-aws-us.webmethods.io/b2b/partner-users/2134243234342324/updatePassword
 Payload      : {"new_password":"Password@123"}
 Expected     : 400
Request method:	PUT
Request URI:	https://awdevtenant2.dev-int-aws-us.webmethods.io/b2b/partner-users/2134243234342324/updatePassword
Proxy:			<none>
Request params:	<none>
Query params:	<none>
Form params:	<none>
Path params:	<none>
Headers:		x-csrf-token=fd7b4dda-3970-4810-bc9c-63525133d8dd
				Accept=application/json
				Cookie=route=1759118879.799.33.191404|c0e63767b447af5595857cdaa5d12780;b2bsessionid=14A99E3FB45FA725AD50A1B37291A942
				Content-Type=application/json
Cookies:		<none>
Multiparts:		<none>
Body:
{
    "new_password": "Password@123"
}
 Actual Status : 400
[PASS] Row 36 (UpdatePassword_Id_NotFound)
---- Executing Row 37: Delete_ById_Empty ----
 HTTP Method  : DELETE
 Endpoint     : https://awdevtenant2.dev-int-aws-us.webmethods.io/b2b/partner-users/ /updatePassword
 Payload      : 
 Expected     : 400
 Actual Status : 405
---- Executing Row 38: Delete_ById_NotFound ----
 HTTP Method  : DELETE
 Endpoint     : https://awdevtenant2.dev-int-aws-us.webmethods.io/b2b/partner-users/2134243234342324/updatePassword
 Payload      : 
 Expected     : 400
 Actual Status : 405
---- Executing Row 39: Delete_ById_Null ----
 HTTP Method  : DELETE
 Endpoint     : https://awdevtenant2.dev-int-aws-us.webmethods.io/b2b/partner-users/null/updatePassword
 Payload      : 
 Expected     : 400
 Actual Status : 405
---- Executing Row 40: Delete_ById_SpecialChars ----
 HTTP Method  : DELETE
 Endpoint     : https://awdevtenant2.dev-int-aws-us.webmethods.io/b2b/partner-users/@#$%^??/updatePassword
 Payload      : 
 Expected     : 400
 Actual Status : 400
[PASS] Row 40 (Delete_ById_SpecialChars)
Executing after all scenarios
]]></system-out>
    <system-err><![CDATA[SLF4J: No SLF4J providers were found.
SLF4J: Defaulting to no-operation (NOP) logger implementation
SLF4J: See https://www.slf4j.org/codes.html#noProviders for further details.
[ERROR] Prepare Row 1 failed: Invalid JSON expression:
Script1.groovy: 1: Unexpected input: '                         [' @ line 1, column 27.
                            ['partner-users'][0].user_name
                             ^

1 error

java.lang.IllegalArgumentException: Invalid JSON expression:
Script1.groovy: 1: Unexpected input: '                         [' @ line 1, column 27.
                            ['partner-users'][0].user_name
                             ^

1 error

	at java.base/jdk.internal.reflect.DirectConstructorHandleAccessor.newInstance(DirectConstructorHandleAccessor.java:62)
	at java.base/java.lang.reflect.Constructor.newInstanceWithCaller(Constructor.java:502)
	at java.base/java.lang.reflect.Constructor.newInstance(Constructor.java:486)
	at org.codehaus.groovy.reflection.CachedConstructor.invoke(CachedConstructor.java:73)
	at org.codehaus.groovy.runtime.callsite.ConstructorSite$ConstructorSiteNoUnwrapNoCoerce.callConstructor(ConstructorSite.java:108)
	at org.codehaus.groovy.runtime.callsite.CallSiteArray.defaultCallConstructor(CallSiteArray.java:57)
	at org.codehaus.groovy.runtime.callsite.AbstractCallSite.callConstructor(AbstractCallSite.java:263)
	at org.codehaus.groovy.runtime.callsite.AbstractCallSite.callConstructor(AbstractCallSite.java:286)
	at io.restassured.internal.path.json.JSONAssertion.getAsJsonObject(JSONAssertion.groovy:66)
	at io.restassured.internal.path.json.JSONAssertion$getAsJsonObject.callCurrent(Unknown Source)
	at org.codehaus.groovy.runtime.callsite.CallSiteArray.defaultCallCurrent(CallSiteArray.java:49)
	at org.codehaus.groovy.runtime.callsite.AbstractCallSite.callCurrent(AbstractCallSite.java:171)
	at org.codehaus.groovy.runtime.callsite.AbstractCallSite.callCurrent(AbstractCallSite.java:185)
	at io.restassured.internal.path.json.JSONAssertion.getResult(JSONAssertion.groovy:28)
	at io.restassured.path.json.JsonPath.get(JsonPath.java:203)
	at io.restassured.path.json.JsonPath.getString(JsonPath.java:352)
	at steps.TC_GenerationAndExecution.mapToIntent(TC_GenerationAndExecution.java:639)
	at steps.TC_GenerationAndExecution.resolveParamValue(TC_GenerationAndExecution.java:377)
	at steps.TC_GenerationAndExecution.resolveAllOnce(TC_GenerationAndExecution.java:277)
	at steps.TC_GenerationAndExecution.replaceParameters(TC_GenerationAndExecution.java:226)
	at steps.TC_GenerationAndExecution.replaceParametersAndWriteModified(TC_GenerationAndExecution.java:98)
	at java.base/jdk.internal.reflect.DirectMethodHandleAccessor.invoke(DirectMethodHandleAccessor.java:103)
	at java.base/java.lang.reflect.Method.invoke(Method.java:580)
	at io.cucumber.java.Invoker.doInvoke(Invoker.java:66)
	at io.cucumber.java.Invoker.invoke(Invoker.java:24)
	at io.cucumber.java.AbstractGlueDefinition.invokeMethod(AbstractGlueDefinition.java:47)
	at io.cucumber.java.JavaStepDefinition.execute(JavaStepDefinition.java:29)
	at io.cucumber.core.runner.CoreStepDefinition.execute(CoreStepDefinition.java:66)
	at io.cucumber.core.runner.PickleStepDefinitionMatch.runStep(PickleStepDefinitionMatch.java:63)
	at io.cucumber.core.runner.ExecutionMode$1.execute(ExecutionMode.java:10)
	at io.cucumber.core.runner.TestStep.executeStep(TestStep.java:84)
	at io.cucumber.core.runner.TestStep.run(TestStep.java:56)
	at io.cucumber.core.runner.PickleStepTestStep.run(PickleStepTestStep.java:51)
	at io.cucumber.core.runner.TestCase.run(TestCase.java:84)
	at io.cucumber.core.runner.Runner.runPickle(Runner.java:75)
	at io.cucumber.testng.TestNGCucumberRunner.lambda$runScenario$1(TestNGCucumberRunner.java:132)
	at io.cucumber.core.runtime.CucumberExecutionContext.lambda$runTestCase$5(CucumberExecutionContext.java:130)
	at io.cucumber.core.runtime.RethrowingThrowableCollector.executeAndThrow(RethrowingThrowableCollector.java:23)
	at io.cucumber.core.runtime.CucumberExecutionContext.runTestCase(CucumberExecutionContext.java:130)
	at io.cucumber.testng.TestNGCucumberRunner.runScenario(TestNGCucumberRunner.java:129)
	at io.cucumber.testng.AbstractTestNGCucumberTests.runScenario(AbstractTestNGCucumberTests.java:35)
	at java.base/jdk.internal.reflect.DirectMethodHandleAccessor.invoke(DirectMethodHandleAccessor.java:103)
	at java.base/java.lang.reflect.Method.invoke(Method.java:580)
	at org.testng.internal.invokers.MethodInvocationHelper.invokeMethod(MethodInvocationHelper.java:139)
	at org.testng.internal.invokers.TestInvoker.invokeMethod(TestInvoker.java:677)
	at org.testng.internal.invokers.TestInvoker.invokeTestMethod(TestInvoker.java:221)
	at org.testng.internal.invokers.MethodRunner.runInSequence(MethodRunner.java:50)
	at org.testng.internal.invokers.TestInvoker$MethodInvocationAgent.invoke(TestInvoker.java:969)
	at org.testng.internal.invokers.TestInvoker.invokeTestMethods(TestInvoker.java:194)
	at org.testng.internal.invokers.TestMethodWorker.invokeTestMethods(TestMethodWorker.java:148)
	at org.testng.internal.invokers.TestMethodWorker.run(TestMethodWorker.java:128)
	at java.base/java.util.ArrayList.forEach(ArrayList.java:1596)
	at org.testng.TestRunner.privateRun(TestRunner.java:829)
	at org.testng.TestRunner.run(TestRunner.java:602)
	at org.testng.SuiteRunner.runTest(SuiteRunner.java:437)
	at org.testng.SuiteRunner.runSequentially(SuiteRunner.java:431)
	at org.testng.SuiteRunner.privateRun(SuiteRunner.java:391)
	at org.testng.SuiteRunner.run(SuiteRunner.java:330)
	at org.testng.SuiteRunnerWorker.runSuite(SuiteRunnerWorker.java:52)
	at org.testng.SuiteRunnerWorker.run(SuiteRunnerWorker.java:95)
	at org.testng.TestNG.runSuitesSequentially(TestNG.java:1256)
	at org.testng.TestNG.runSuitesLocally(TestNG.java:1176)
	at org.testng.TestNG.runSuites(TestNG.java:1099)
	at org.testng.TestNG.run(TestNG.java:1067)
	at org.apache.maven.surefire.testng.TestNGExecutor.run(TestNGExecutor.java:308)
	at org.apache.maven.surefire.testng.TestNGXmlTestSuite.execute(TestNGXmlTestSuite.java:71)
	at org.apache.maven.surefire.testng.TestNGProvider.invoke(TestNGProvider.java:113)
	at org.apache.maven.surefire.booter.ForkedBooter.runSuitesInProcess(ForkedBooter.java:385)
	at org.apache.maven.surefire.booter.ForkedBooter.execute(ForkedBooter.java:162)
	at org.apache.maven.surefire.booter.ForkedBooter.run(ForkedBooter.java:507)
	at org.apache.maven.surefire.booter.ForkedBooter.main(ForkedBooter.java:495)
Caused by: org.codehaus.groovy.control.MultipleCompilationErrorsException: startup failed:
Script1.groovy: 1: Unexpected input: 'restAssuredJsonRootObject.[' @ line 1, column 27.
   restAssuredJsonRootObject.['partner-users'][0].user_name
                             ^

1 error

	at org.codehaus.groovy.control.ErrorCollector.failIfErrors(ErrorCollector.java:292)
	at org.codehaus.groovy.control.ErrorCollector.addFatalError(ErrorCollector.java:148)
	at org.apache.groovy.parser.antlr4.AstBuilder.collectSyntaxError(AstBuilder.java:4753)
	at org.apache.groovy.parser.antlr4.AstBuilder.access$100(AstBuilder.java:169)
	at org.apache.groovy.parser.antlr4.AstBuilder$3.syntaxError(AstBuilder.java:4764)
	at groovyjarjarantlr4.v4.runtime.ProxyErrorListener.syntaxError(ProxyErrorListener.java:44)
	at groovyjarjarantlr4.v4.runtime.Parser.notifyErrorListeners(Parser.java:543)
	at groovyjarjarantlr4.v4.runtime.DefaultErrorStrategy.notifyErrorListeners(DefaultErrorStrategy.java:154)
	at org.apache.groovy.parser.antlr4.internal.DescriptiveErrorStrategy.reportNoViableAlternative(DescriptiveErrorStrategy.java:92)
	at org.apache.groovy.parser.antlr4.internal.DescriptiveErrorStrategy.recover(DescriptiveErrorStrategy.java:53)
	at org.apache.groovy.parser.antlr4.GroovyParser.scriptStatement(GroovyParser.java:525)
	at org.apache.groovy.parser.antlr4.GroovyParser.scriptStatements(GroovyParser.java:416)
	at org.apache.groovy.parser.antlr4.GroovyParser.compilationUnit(GroovyParser.java:363)
	at org.apache.groovy.parser.antlr4.AstBuilder.buildCST(AstBuilder.java:243)
	at org.apache.groovy.parser.antlr4.AstBuilder.buildCST(AstBuilder.java:221)
	at org.apache.groovy.parser.antlr4.AstBuilder.buildAST(AstBuilder.java:262)
	at org.apache.groovy.parser.antlr4.Antlr4ParserPlugin.buildAST(Antlr4ParserPlugin.java:58)
	at org.codehaus.groovy.control.SourceUnit.buildAST(SourceUnit.java:256)
	at java.base/java.util.Iterator.forEachRemaining(Iterator.java:133)
	at java.base/java.util.Spliterators$IteratorSpliterator.forEachRemaining(Spliterators.java:1939)
	at java.base/java.util.stream.ReferencePipeline$Head.forEach(ReferencePipeline.java:762)
	at org.codehaus.groovy.control.CompilationUnit.compile(CompilationUnit.java:663)
	at groovy.lang.GroovyClassLoader.doParseClass(GroovyClassLoader.java:373)
	at groovy.lang.GroovyClassLoader.lambda$parseClass$2(GroovyClassLoader.java:316)
	at org.codehaus.groovy.runtime.memoize.StampedCommonCache.compute(StampedCommonCache.java:163)
	at org.codehaus.groovy.runtime.memoize.StampedCommonCache.getAndPut(StampedCommonCache.java:154)
	at groovy.lang.GroovyClassLoader.parseClass(GroovyClassLoader.java:314)
	at groovy.lang.GroovyShell.parseClass(GroovyShell.java:572)
	at groovy.lang.GroovyShell.parse(GroovyShell.java:585)
	at groovy.lang.GroovyShell.parse(GroovyShell.java:597)
	at groovy.lang.GroovyShell.evaluate(GroovyShell.java:459)
	at groovy.lang.GroovyShell.evaluate(GroovyShell.java:495)
	at groovy.lang.GroovyShell.evaluate(GroovyShell.java:469)
	at java.base/jdk.internal.reflect.DirectMethodHandleAccessor.invoke(DirectMethodHandleAccessor.java:103)
	at java.base/java.lang.reflect.Method.invoke(Method.java:580)
	at org.codehaus.groovy.runtime.callsite.PlainObjectMetaMethodSite.doInvoke(PlainObjectMetaMethodSite.java:43)
	at org.codehaus.groovy.runtime.callsite.PogoMetaMethodSite$PogoCachedMethodSiteNoUnwrap.invoke(PogoMetaMethodSite.java:186)
	at org.codehaus.groovy.runtime.callsite.PogoMetaMethodSite.call(PogoMetaMethodSite.java:75)
	at org.codehaus.groovy.runtime.callsite.CallSiteArray.defaultCall(CallSiteArray.java:45)
	at org.codehaus.groovy.runtime.callsite.AbstractCallSite.call(AbstractCallSite.java:125)
	at org.codehaus.groovy.runtime.callsite.AbstractCallSite.call(AbstractCallSite.java:139)
	at io.restassured.internal.path.json.JSONAssertion.eval(JSONAssertion.groovy:89)
	at io.restassured.internal.path.json.JSONAssertion.this$2$eval(JSONAssertion.groovy)
	at java.base/jdk.internal.reflect.DirectMethodHandleAccessor.invoke(DirectMethodHandleAccessor.java:103)
	at java.base/java.lang.reflect.Method.invoke(Method.java:580)
	at org.codehaus.groovy.runtime.callsite.PlainObjectMetaMethodSite.doInvoke(PlainObjectMetaMethodSite.java:43)
	at org.codehaus.groovy.runtime.callsite.PogoMetaMethodSite$PogoCachedMethodSiteNoUnwrapNoCoerce.invoke(PogoMetaMethodSite.java:198)
	at org.codehaus.groovy.runtime.callsite.PogoMetaMethodSite.callCurrent(PogoMetaMethodSite.java:62)
	at org.codehaus.groovy.runtime.callsite.CallSiteArray.defaultCallCurrent(CallSiteArray.java:49)
	at org.codehaus.groovy.runtime.callsite.AbstractCallSite.callCurrent(AbstractCallSite.java:171)
	at org.codehaus.groovy.runtime.callsite.AbstractCallSite.callCurrent(AbstractCallSite.java:203)
	at io.restassured.internal.path.json.JSONAssertion.getAsJsonObject(JSONAssertion.groovy:46)
	... 62 more
[ERROR] Prepare Row 2 failed: Invalid JSON expression:
Script1.groovy: 1: Unexpected input: '                         [' @ line 1, column 27.
                            ['partner-users'][0].user_name
                             ^

1 error

java.lang.IllegalArgumentException: Invalid JSON expression:
Script1.groovy: 1: Unexpected input: '                         [' @ line 1, column 27.
                            ['partner-users'][0].user_name
                             ^

1 error

	at java.base/jdk.internal.reflect.DirectConstructorHandleAccessor.newInstance(DirectConstructorHandleAccessor.java:62)
	at java.base/java.lang.reflect.Constructor.newInstanceWithCaller(Constructor.java:502)
	at java.base/java.lang.reflect.Constructor.newInstance(Constructor.java:486)
	at org.codehaus.groovy.reflection.CachedConstructor.invoke(CachedConstructor.java:73)
	at org.codehaus.groovy.runtime.callsite.ConstructorSite$ConstructorSiteNoUnwrapNoCoerce.callConstructor(ConstructorSite.java:108)
	at org.codehaus.groovy.runtime.callsite.AbstractCallSite.callConstructor(AbstractCallSite.java:286)
	at io.restassured.internal.path.json.JSONAssertion.getAsJsonObject(JSONAssertion.groovy:66)
	at io.restassured.internal.path.json.JSONAssertion$getAsJsonObject.callCurrent(Unknown Source)
	at io.restassured.internal.path.json.JSONAssertion.getResult(JSONAssertion.groovy:28)
	at io.restassured.path.json.JsonPath.get(JsonPath.java:203)
[...]
java.lang.IllegalArgumentException: Illegal character in query at index 22: /b2b/partner-users?q=B 2B_TCG_1f329a
	at java.base/java.net.URI.create(URI.java:932)
	at java.base/java.net.URI.resolve(URI.java:1122)
	at io.restassured.internal.http.URIBuilder.setQueryNVP(URIBuilder.java:174)
	at io.restassured.internal.http.URIBuilder.addQueryParams(URIBuilder.java:287)
	at io.restassured.internal.http.URIBuilder.addQueryParams(URIBuilder.java:317)
	at io.restassured.internal.http.URIBuilder$addQueryParams$2.call(Unknown Source)
	at io.restassured.internal.RequestSpecificationImpl.generateRequestUriForLogging(RequestSpecificationImpl.groovy:1145)
	at io.restassured.internal.RequestSpecificationImpl.this$2$generateRequestUriForLogging(RequestSpecificationImpl.groovy)
	at java.base/jdk.internal.reflect.DirectMethodHandleAccessor.invoke(DirectMethodHandleAccessor.java:103)
	at java.base/java.lang.reflect.Method.invoke(Method.java:580)
	at org.codehaus.groovy.reflection.CachedMethod.invoke(CachedMethod.java:343)
	at groovy.lang.MetaMethod.doMethodInvoke(MetaMethod.java:328)
	at groovy.lang.MetaClassImpl.doInvokeMethod(MetaClassImpl.java:1334)
	at groovy.lang.MetaClassImpl.invokeMethod(MetaClassImpl.java:1089)
	at groovy.lang.MetaClassImpl.invokeMethod(MetaClassImpl.java:1008)
	at groovy.lang.MetaClassImpl.invokeMethod(MetaClassImpl.java:791)
	at io.restassured.internal.RequestSpecificationImpl.invokeMethod(RequestSpecificationImpl.groovy)
	at org.codehaus.groovy.runtime.callsite.PogoInterceptableSite.call(PogoInterceptableSite.java:46)
	at org.codehaus.groovy.runtime.callsite.PogoInterceptableSite.callCurrent(PogoInterceptableSite.java:57)
	at org.codehaus.groovy.runtime.callsite.AbstractCallSite.callCurrent(AbstractCallSite.java:194)
	at io.restassured.internal.RequestSpecificationImpl.newFilterContext(RequestSpecificationImpl.groovy:1090)
	at java.base/jdk.internal.reflect.DirectMethodHandleAccessor.invoke(DirectMethodHandleAccessor.java:103)
	at java.base/java.lang.reflect.Method.invoke(Method.java:580)
	at org.codehaus.groovy.reflection.CachedMethod.invoke(CachedMethod.java:343)
	at groovy.lang.MetaMethod.doMethodInvoke(MetaMethod.java:328)
	at groovy.lang.MetaClassImpl.doInvokeMethod(MetaClassImpl.java:1334)
	at groovy.lang.MetaClassImpl.invokeMethod(MetaClassImpl.java:1089)
	at groovy.lang.MetaClassImpl.invokeMethod(MetaClassImpl.java:1008)
	at groovy.lang.MetaClassImpl.invokeMethod(MetaClassImpl.java:791)
	at io.restassured.internal.RequestSpecificationImpl.invokeMethod(RequestSpecificationImpl.groovy)
	at org.codehaus.groovy.runtime.callsite.PogoInterceptableSite.call(PogoInterceptableSite.java:46)
	at org.codehaus.groovy.runtime.callsite.PogoInterceptableSite.callCurrent(PogoInterceptableSite.java:57)
	at org.codehaus.groovy.runtime.callsite.AbstractCallSite.callCurrent(AbstractCallSite.java:203)
	at io.restassured.internal.RequestSpecificationImpl.applyPathParamsAndSendRequest(RequestSpecificationImpl.groovy:1702)
	at io.restassured.internal.RequestSpecificationImpl.this$2$applyPathParamsAndSendRequest(RequestSpecificationImpl.groovy)
	at java.base/jdk.internal.reflect.DirectMethodHandleAccessor.invoke(DirectMethodHandleAccessor.java:103)
	at java.base/java.lang.reflect.Method.invoke(Method.java:580)
	at org.codehaus.groovy.reflection.CachedMethod.invoke(CachedMethod.java:343)
	at groovy.lang.MetaMethod.doMethodInvoke(MetaMethod.java:328)
	at groovy.lang.MetaClassImpl.doInvokeMethod(MetaClassImpl.java:1334)
	at groovy.lang.MetaClassImpl.invokeMethod(MetaClassImpl.java:1089)
	at groovy.lang.MetaClassImpl.invokeMethod(MetaClassImpl.java:1008)
	at groovy.lang.MetaClassImpl.invokeMethod(MetaClassImpl.java:791)
	at io.restassured.internal.RequestSpecificationImpl.invokeMethod(RequestSpecificationImpl.groovy)
	at org.codehaus.groovy.runtime.callsite.PogoInterceptableSite.call(PogoInterceptableSite.java:46)
	at org.codehaus.groovy.runtime.callsite.PogoInterceptableSite.callCurrent(PogoInterceptableSite.java:57)
	at org.codehaus.groovy.runtime.callsite.AbstractCallSite.callCurrent(AbstractCallSite.java:203)
	at io.restassured.internal.RequestSpecificationImpl.applyPathParamsAndSendRequest(RequestSpecificationImpl.groovy:1710)
	at io.restassured.internal.RequestSpecificationImpl.this$2$applyPathParamsAndSendRequest(RequestSpecificationImpl.groovy)
	at java.base/jdk.internal.reflect.DirectMethodHandleAccessor.invoke(DirectMethodHandleAccessor.java:103)
	at java.base/java.lang.reflect.Method.invoke(Method.java:580)
	at org.codehaus.groovy.reflection.CachedMethod.invoke(CachedMethod.java:343)
	at groovy.lang.MetaMethod.doMethodInvoke(MetaMethod.java:328)
	at groovy.lang.MetaClassImpl.doInvokeMethod(MetaClassImpl.java:1334)
	at groovy.lang.MetaClassImpl.invokeMethod(MetaClassImpl.java:1089)
	at groovy.lang.MetaClassImpl.invokeMethod(MetaClassImpl.java:1008)
	at groovy.lang.MetaClassImpl.invokeMethod(MetaClassImpl.java:791)
	at io.restassured.internal.RequestSpecificationImpl.invokeMethod(RequestSpecificationImpl.groovy)
	at org.codehaus.groovy.runtime.callsite.PogoInterceptableSite.call(PogoInterceptableSite.java:46)
	at org.codehaus.groovy.runtime.callsite.PogoInterceptableSite.callCurrent(PogoInterceptableSite.java:57)
	at org.codehaus.groovy.runtime.callsite.AbstractCallSite.callCurrent(AbstractCallSite.java:203)
	at io.restassured.internal.RequestSpecificationImpl.get(RequestSpecificationImpl.groovy:172)
	at io.restassured.internal.RequestSpecificationImpl.get(RequestSpecificationImpl.groovy)
	at utils.GenericMethods.B2B_GET_Request(GenericMethods.java:24)
	at steps.TC_GenerationAndExecution.executeModifiedTestCases(TC_GenerationAndExecution.java:170)
	at java.base/jdk.internal.reflect.DirectMethodHandleAccessor.invoke(DirectMethodHandleAccessor.java:103)
	at java.base/java.lang.reflect.Method.invoke(Method.java:580)
	at io.cucumber.java.Invoker.doInvoke(Invoker.java:66)
	at io.cucumber.java.Invoker.invoke(Invoker.java:24)
	at io.cucumber.java.AbstractGlueDefinition.invokeMethod(AbstractGlueDefinition.java:47)
	at io.cucumber.java.JavaStepDefinition.execute(JavaStepDefinition.java:29)
	at io.cucumber.core.runner.CoreStepDefinition.execute(CoreStepDefinition.java:66)
	at io.cucumber.core.runner.PickleStepDefinitionMatch.runStep(PickleStepDefinitionMatch.java:63)
	at io.cucumber.core.runner.ExecutionMode$1.execute(ExecutionMode.java:10)
	at io.cucumber.core.runner.TestStep.executeStep(TestStep.java:84)
	at io.cucumber.core.runner.TestStep.run(TestStep.java:56)
	at io.cucumber.core.runner.PickleStepTestStep.run(PickleStepTestStep.java:51)
	at io.cucumber.core.runner.TestCase.run(TestCase.java:84)
	at io.cucumber.core.runner.Runner.runPickle(Runner.java:75)
	at io.cucumber.testng.TestNGCucumberRunner.lambda$runScenario$1(TestNGCucumberRunner.java:132)
	at io.cucumber.core.runtime.CucumberExecutionContext.lambda$runTestCase$5(CucumberExecutionContext.java:130)
	at io.cucumber.core.runtime.RethrowingThrowableCollector.executeAndThrow(RethrowingThrowableCollector.java:23)
	at io.cucumber.core.runtime.CucumberExecutionContext.runTestCase(CucumberExecutionContext.java:130)
	at io.cucumber.testng.TestNGCucumberRunner.runScenario(TestNGCucumberRunner.java:129)
	at io.cucumber.testng.AbstractTestNGCucumberTests.runScenario(AbstractTestNGCucumberTests.java:35)
	at java.base/jdk.internal.reflect.DirectMethodHandleAccessor.invoke(DirectMethodHandleAccessor.java:103)
	at java.base/java.lang.reflect.Method.invoke(Method.java:580)
	at org.testng.internal.invokers.MethodInvocationHelper.invokeMethod(MethodInvocationHelper.java:139)
	at org.testng.internal.invokers.TestInvoker.invokeMethod(TestInvoker.java:677)
	at org.testng.internal.invokers.TestInvoker.invokeTestMethod(TestInvoker.java:221)
	at org.testng.internal.invokers.MethodRunner.runInSequence(MethodRunner.java:50)
	at org.testng.internal.invokers.TestInvoker$MethodInvocationAgent.invoke(TestInvoker.java:969)
	at org.testng.internal.invokers.TestInvoker.invokeTestMethods(TestInvoker.java:194)
	at org.testng.internal.invokers.TestMethodWorker.invokeTestMethods(TestMethodWorker.java:148)
	at org.testng.internal.invokers.TestMethodWorker.run(TestMethodWorker.java:128)
	at java.base/java.util.ArrayList.forEach(ArrayList.java:1596)
	at org.testng.TestRunner.privateRun(TestRunner.java:829)
	at org.testng.TestRunner.run(TestRunner.java:602)
	at org.testng.SuiteRunner.runTest(SuiteRunner.java:437)
	at org.testng.SuiteRunner.runSequentially(SuiteRunner.java:431)
	at org.testng.SuiteRunner.privateRun(SuiteRunner.java:391)
	at org.testng.SuiteRunner.run(SuiteRunner.java:330)
	at org.testng.SuiteRunnerWorker.runSuite(SuiteRunnerWorker.java:52)
	at org.testng.SuiteRunnerWorker.run(SuiteRunnerWorker.java:95)
	at org.testng.TestNG.runSuitesSequentially(TestNG.java:1256)
	at org.testng.TestNG.runSuitesLocally(TestNG.java:1176)
	at org.testng.TestNG.runSuites(TestNG.java:1099)
	at org.testng.TestNG.run(TestNG.java:1067)
	at org.apache.maven.surefire.testng.TestNGExecutor.run(TestNGExecutor.java:308)
	at org.apache.maven.surefire.testng.TestNGXmlTestSuite.execute(TestNGXmlTestSuite.java:71)
	at org.apache.maven.surefire.testng.TestNGProvider.invoke(TestNGProvider.java:113)
	at org.apache.maven.surefire.booter.ForkedBooter.runSuitesInProcess(ForkedBooter.java:385)
	at org.apache.maven.surefire.booter.ForkedBooter.execute(ForkedBooter.java:162)
	at org.apache.maven.surefire.booter.ForkedBooter.run(ForkedBooter.java:507)
	at org.apache.maven.surefire.booter.ForkedBooter.main(ForkedBooter.java:495)
Caused by: java.net.URISyntaxException: Illegal character in query at index 22: /b2b/partner-users?q=B 2B_TCG_1f329a
	at java.base/java.net.URI$Parser.fail(URI.java:2995)
	at java.base/java.net.URI$Parser.checkChars(URI.java:3166)
	at java.base/java.net.URI$Parser.parseHierarchical(URI.java:3254)
	at java.base/java.net.URI$Parser.parse(URI.java:3207)
	at java.base/java.net.URI.<init>(URI.java:645)
	at java.base/java.net.URI.create(URI.java:930)
	... 114 more
[ERROR] Exec Row 28 failed: Request URI cannot end with ?
java.lang.IllegalArgumentException: Request URI cannot end with ?
	at java.base/jdk.internal.reflect.DirectConstructorHandleAccessor.newInstance(DirectConstructorHandleAccessor.java:62)
	at java.base/java.lang.reflect.Constructor.newInstanceWithCaller(Constructor.java:502)
	at java.base/java.lang.reflect.Constructor.newInstance(Constructor.java:486)
	at org.codehaus.groovy.reflection.CachedConstructor.invoke(CachedConstructor.java:73)
	at org.codehaus.groovy.runtime.callsite.ConstructorSite$ConstructorSiteNoUnwrapNoCoerce.callConstructor(ConstructorSite.java:108)
	at org.codehaus.groovy.runtime.callsite.CallSiteArray.defaultCallConstructor(CallSiteArray.java:57)
	at org.codehaus.groovy.runtime.callsite.AbstractCallSite.callConstructor(AbstractCallSite.java:263)
	at org.codehaus.groovy.runtime.callsite.AbstractCallSite.callConstructor(AbstractCallSite.java:277)
	at io.restassured.internal.RequestSpecificationImpl.newFilterContext(RequestSpecificationImpl.groovy:1075)
	at java.base/jdk.internal.reflect.DirectMethodHandleAccessor.invoke(DirectMethodHandleAccessor.java:103)
	at java.base/java.lang.reflect.Method.invoke(Method.java:580)
	at org.codehaus.groovy.reflection.CachedMethod.invoke(CachedMethod.java:343)
	at groovy.lang.MetaMethod.doMethodInvoke(MetaMethod.java:328)
	at groovy.lang.MetaClassImpl.doInvokeMethod(MetaClassImpl.java:1334)
	at groovy.lang.MetaClassImpl.invokeMethod(MetaClassImpl.java:1089)
	at groovy.lang.MetaClassImpl.invokeMethod(MetaClassImpl.java:1008)
	at groovy.lang.MetaClassImpl.invokeMethod(MetaClassImpl.java:791)
	at io.restassured.internal.RequestSpecificationImpl.invokeMethod(RequestSpecificationImpl.groovy)
	at org.codehaus.groovy.runtime.callsite.PogoInterceptableSite.call(PogoInterceptableSite.java:46)
	at org.codehaus.groovy.runtime.callsite.PogoInterceptableSite.callCurrent(PogoInterceptableSite.java:57)
	at org.codehaus.groovy.runtime.callsite.AbstractCallSite.callCurrent(AbstractCallSite.java:203)
	at io.restassured.internal.RequestSpecificationImpl.applyPathParamsAndSendRequest(RequestSpecificationImpl.groovy:1702)
	at io.restassured.internal.RequestSpecificationImpl.this$2$applyPathParamsAndSendRequest(RequestSpecificationImpl.groovy)
	at java.base/jdk.internal.reflect.DirectMethodHandleAccessor.invoke(DirectMethodHandleAccessor.java:103)
	at java.base/java.lang.reflect.Method.invoke(Method.java:580)
	at org.codehaus.groovy.reflection.CachedMethod.invoke(CachedMethod.java:343)
	at groovy.lang.MetaMethod.doMethodInvoke(MetaMethod.java:328)
	at groovy.lang.MetaClassImpl.doInvokeMethod(MetaClassImpl.java:1334)
	at groovy.lang.MetaClassImpl.invokeMethod(MetaClassImpl.java:1089)
	at groovy.lang.MetaClassImpl.invokeMethod(MetaClassImpl.java:1008)
	at groovy.lang.MetaClassImpl.invokeMethod(MetaClassImpl.java:791)
	at io.restassured.internal.RequestSpecificationImpl.invokeMethod(RequestSpecificationImpl.groovy)
	at org.codehaus.groovy.runtime.callsite.PogoInterceptableSite.call(PogoInterceptableSite.java:46)
	at org.codehaus.groovy.runtime.callsite.PogoInterceptableSite.callCurrent(PogoInterceptableSite.java:57)
	at org.codehaus.groovy.runtime.callsite.AbstractCallSite.callCurrent(AbstractCallSite.java:203)
	at io.restassured.internal.RequestSpecificationImpl.applyPathParamsAndSendRequest(RequestSpecificationImpl.groovy:1710)
	at io.restassured.internal.RequestSpecificationImpl.this$2$applyPathParamsAndSendRequest(RequestSpecificationImpl.groovy)
	at java.base/jdk.internal.reflect.DirectMethodHandleAccessor.invoke(DirectMethodHandleAccessor.java:103)
	at java.base/java.lang.reflect.Method.invoke(Method.java:580)
	at org.codehaus.groovy.reflection.CachedMethod.invoke(CachedMethod.java:343)
	at groovy.lang.MetaMethod.doMethodInvoke(MetaMethod.java:328)
	at groovy.lang.MetaClassImpl.doInvokeMethod(MetaClassImpl.java:1334)
	at groovy.lang.MetaClassImpl.invokeMethod(MetaClassImpl.java:1089)
	at groovy.lang.MetaClassImpl.invokeMethod(MetaClassImpl.java:1008)
	at groovy.lang.MetaClassImpl.invokeMethod(MetaClassImpl.java:791)
	at io.restassured.internal.RequestSpecificationImpl.invokeMethod(RequestSpecificationImpl.groovy)
	at org.codehaus.groovy.runtime.callsite.PogoInterceptableSite.call(PogoInterceptableSite.java:46)
	at org.codehaus.groovy.runtime.callsite.PogoInterceptableSite.callCurrent(PogoInterceptableSite.java:57)
	at org.codehaus.groovy.runtime.callsite.AbstractCallSite.callCurrent(AbstractCallSite.java:203)
	at io.restassured.internal.RequestSpecificationImpl.get(RequestSpecificationImpl.groovy:172)
	at io.restassured.internal.RequestSpecificationImpl.get(RequestSpecificationImpl.groovy)
	at utils.GenericMethods.B2B_GET_Request(GenericMethods.java:24)
	at steps.TC_GenerationAndExecution.executeModifiedTestCases(TC_GenerationAndExecution.java:170)
	at java.base/jdk.internal.reflect.DirectMethodHandleAccessor.invoke(DirectMethodHandleAccessor.java:103)
	at java.base/java.lang.reflect.Method.invoke(Method.java:580)
	at io.cucumber.java.Invoker.doInvoke(Invoker.java:66)
	at io.cucumber.java.Invoker.invoke(Invoker.java:24)
	at io.cucumber.java.AbstractGlueDefinition.invokeMethod(AbstractGlueDefinition.java:47)
	at io.cucumber.java.JavaStepDefinition.execute(JavaStepDefinition.java:29)
	at io.cucumber.core.runner.CoreStepDefinition.execute(CoreStepDefinition.java:66)
	at io.cucumber.core.runner.PickleStepDefinitionMatch.runStep(PickleStepDefinitionMatch.java:63)
	at io.cucumber.core.runner.ExecutionMode$1.execute(ExecutionMode.java:10)
	at io.cucumber.core.runner.TestStep.executeStep(TestStep.java:84)
	at io.cucumber.core.runner.TestStep.run(TestStep.java:56)
	at io.cucumber.core.runner.PickleStepTestStep.run(PickleStepTestStep.java:51)
	at io.cucumber.core.runner.TestCase.run(TestCase.java:84)
	at io.cucumber.core.runner.Runner.runPickle(Runner.java:75)
	at io.cucumber.testng.TestNGCucumberRunner.lambda$runScenario$1(TestNGCucumberRunner.java:132)
	at io.cucumber.core.runtime.CucumberExecutionContext.lambda$runTestCase$5(CucumberExecutionContext.java:130)
	at io.cucumber.core.runtime.RethrowingThrowableCollector.executeAndThrow(RethrowingThrowableCollector.java:23)
	at io.cucumber.core.runtime.CucumberExecutionContext.runTestCase(CucumberExecutionContext.java:130)
	at io.cucumber.testng.TestNGCucumberRunner.runScenario(TestNGCucumberRunner.java:129)
	at io.cucumber.testng.AbstractTestNGCucumberTests.runScenario(AbstractTestNGCucumberTests.java:35)
	at java.base/jdk.internal.reflect.DirectMethodHandleAccessor.invoke(DirectMethodHandleAccessor.java:103)
	at java.base/java.lang.reflect.Method.invoke(Method.java:580)
	at org.testng.internal.invokers.MethodInvocationHelper.invokeMethod(MethodInvocationHelper.java:139)
	at org.testng.internal.invokers.TestInvoker.invokeMethod(TestInvoker.java:677)
	at org.testng.internal.invokers.TestInvoker.invokeTestMethod(TestInvoker.java:221)
	at org.testng.internal.invokers.MethodRunner.runInSequence(MethodRunner.java:50)
	at org.testng.internal.invokers.TestInvoker$MethodInvocationAgent.invoke(TestInvoker.java:969)
	at org.testng.internal.invokers.TestInvoker.invokeTestMethods(TestInvoker.java:194)
	at org.testng.internal.invokers.TestMethodWorker.invokeTestMethods(TestMethodWorker.java:148)
	at org.testng.internal.invokers.TestMethodWorker.run(TestMethodWorker.java:128)
	at java.base/java.util.ArrayList.forEach(ArrayList.java:1596)
	at org.testng.TestRunner.privateRun(TestRunner.java:829)
	at org.testng.TestRunner.run(TestRunner.java:602)
	at org.testng.SuiteRunner.runTest(SuiteRunner.java:437)
	at org.testng.SuiteRunner.runSequentially(SuiteRunner.java:431)
	at org.testng.SuiteRunner.privateRun(SuiteRunner.java:391)
	at org.testng.SuiteRunner.run(SuiteRunner.java:330)
	at org.testng.SuiteRunnerWorker.runSuite(SuiteRunnerWorker.java:52)
	at org.testng.SuiteRunnerWorker.run(SuiteRunnerWorker.java:95)
	at org.testng.TestNG.runSuitesSequentially(TestNG.java:1256)
	at org.testng.TestNG.runSuitesLocally(TestNG.java:1176)
	at org.testng.TestNG.runSuites(TestNG.java:1099)
	at org.testng.TestNG.run(TestNG.java:1067)
	at org.apache.maven.surefire.testng.TestNGExecutor.run(TestNGExecutor.java:308)
	at org.apache.maven.surefire.testng.TestNGXmlTestSuite.execute(TestNGXmlTestSuite.java:71)
	at org.apache.maven.surefire.testng.TestNGProvider.invoke(TestNGProvider.java:113)
	at org.apache.maven.surefire.booter.ForkedBooter.runSuitesInProcess(ForkedBooter.java:385)
	at org.apache.maven.surefire.booter.ForkedBooter.execute(ForkedBooter.java:162)
	at org.apache.maven.surefire.booter.ForkedBooter.run(ForkedBooter.java:507)
	at org.apache.maven.surefire.booter.ForkedBooter.main(ForkedBooter.java:495)
[FAIL] Row 37 (Delete_ById_Empty) Expected=400 | Actual=405
[FAIL] Row 38 (Delete_ById_NotFound) Expected=400 | Actual=405
[FAIL] Row 39 (Delete_ById_Null) Expected=400 | Actual=405
======== EXECUTION SUMMARY: FAILURES ========
[FAIL] Row 1 (Create_LeadingTrailing_Spaces) Expected=200 | Actual=400
[FAIL] Row 2 (Create_LongStrings_254) Expected=200 | Actual=400
[FAIL] Row 3 (Create_LongStrings_255) Expected=200 | Actual=400
[FAIL] Row 5 (Create_SpecialChars) Expected=200 | Actual=400
[ERROR] Exec Row 9 failed: Illegal character in path at index 68: https://awdevtenant2.dev-int-aws-us.webmethods.io/b2b/partner-users/ /updatePassword
[FAIL] Row 10 (Get_ById_NotFound) Expected=400 | Actual=405
[FAIL] Row 11 (Get_ById_Null) Expected=400 | Actual=405
[FAIL] Row 13 (Get_ById_VeryLong) Expected=400 | Actual=405
[ERROR] Exec Row 25 failed: Illegal character in query at index 21: /b2b/partner-users?q= 
[ERROR] Exec Row 26 failed: Illegal character in query at index 22: /b2b/partner-users?q=B 2B_TCG_1f329a
[ERROR] Exec Row 28 failed: Request URI cannot end with ?
[FAIL] Row 37 (Delete_ById_Empty) Expected=400 | Actual=405
[FAIL] Row 38 (Delete_ById_NotFound) Expected=400 | Actual=405
[FAIL] Row 39 (Delete_ById_Null) Expected=400 | Actual=405
=============================================
]]></system-err>
  </testcase>
</testsuite>